#
# There is insufficient memory for the Java Runtime Environment to continue.
# Native memory allocation (malloc) failed to allocate 14155776 bytes for committing reserved memory.
# Possible reasons:
#   The system is out of physical RAM or swap space
#   In 32 bit mode, the process size limit was hit
# Possible solutions:
#   Reduce memory load on the system
#   Increase physical memory or swap space
#   Check if swap backing store is full
#   Use 64 bit Java on a 64 bit OS
#   Decrease Java heap size (-Xmx/-Xms)
#   Decrease number of Java threads
#   Decrease Java thread stack sizes (-Xss)
#   Set larger code cache with -XX:ReservedCodeCacheSize=
# This output file may be truncated or incomplete.
#
#  Out of Memory Error (os_linux.cpp:2798), pid=10387, tid=140168287250176
#
# JRE version: OpenJDK Runtime Environment (7.0_75-b13) (build 1.7.0_75-b13)
# Java VM: OpenJDK 64-Bit Server VM (24.75-b04 mixed mode linux-amd64 compressed oops)
# Derivative: IcedTea 2.5.4
# Distribution: Ubuntu 14.04 LTS, package 7u75-2.5.4-1~trusty1
# Failed to write core dump. Core dumps have been disabled. To enable core dumping, try "ulimit -c unlimited" before starting Java again
#

---------------  T H R E A D  ---------------

Current thread (0x00007f7b7413d800):  VMThread [stack: 0x00007f7b78e86000,0x00007f7b78f87000] [id=10415]

Stack: [0x00007f7b78e86000,0x00007f7b78f87000],  sp=0x00007f7b78f85490,  free space=1021k
Native frames: (J=compiled Java code, j=interpreted, Vv=VM code, C=native code)
V  [libjvm.so+0x94a9d5]  VMError::report_and_die()+0x175
V  [libjvm.so+0x48b954]  report_vm_out_of_memory(char const*, int, unsigned long, char const*)+0x74
V  [libjvm.so+0x7c7b7b]  os::pd_commit_memory(char*, unsigned long, unsigned long, bool)+0xeb
V  [libjvm.so+0x7c263f]  os::commit_memory(char*, unsigned long, unsigned long, bool)+0x1f
V  [libjvm.so+0x834b1b]  PSVirtualSpace::expand_by(unsigned long)+0x5b
V  [libjvm.so+0x835970]  PSYoungGen::resize_generation(unsigned long, unsigned long)+0xb0
V  [libjvm.so+0x83605b]  PSYoungGen::resize(unsigned long, unsigned long)+0x1b
V  [libjvm.so+0x832340]  PSScavenge::invoke_no_policy()+0xde0
V  [libjvm.so+0x832b18]  PSScavenge::invoke()+0x38
V  [libjvm.so+0x7e9203]  ParallelScavengeHeap::failed_mem_allocate(unsigned long)+0x63
V  [libjvm.so+0x94c3d4]  VM_ParallelGCFailedAllocation::doit()+0x84
V  [libjvm.so+0x9508d7]  VM_Operation::evaluate()+0x47
V  [libjvm.so+0x94f248]  VMThread::evaluate_operation(VM_Operation*)+0x318
V  [libjvm.so+0x94f6a9]  VMThread::loop()+0x219
V  [libjvm.so+0x94faf2]  VMThread::run()+0x72
V  [libjvm.so+0x7c4a42]  java_start(Thread*)+0xf2

VM_Operation (0x00007f7b7e279ba0): ParallelGCFailedAllocation, mode: safepoint, requested by thread 0x00007f7b7400b000


---------------  P R O C E S S  ---------------

Java Threads: ( => current thread )
  0x00007f7b741d1800 JavaThread "Service Thread" daemon [_thread_blocked, id=10427, stack(0x00007f7b705be000,0x00007f7b706bf000)]
  0x00007f7b741c8800 JavaThread "C2 CompilerThread1" daemon [_thread_blocked, id=10425, stack(0x00007f7b706bf000,0x00007f7b707c0000)]
  0x00007f7b741c6800 JavaThread "C2 CompilerThread0" daemon [_thread_blocked, id=10423, stack(0x00007f7b707c0000,0x00007f7b708c1000)]
  0x00007f7b7416f800 JavaThread "Signal Dispatcher" daemon [_thread_blocked, id=10422, stack(0x00007f7b784a1000,0x00007f7b785a2000)]
  0x00007f7b74144000 JavaThread "Finalizer" daemon [_thread_blocked, id=10419, stack(0x00007f7b78c84000,0x00007f7b78d85000)]
  0x00007f7b74142000 JavaThread "Reference Handler" daemon [_thread_blocked, id=10417, stack(0x00007f7b78d85000,0x00007f7b78e86000)]
  0x00007f7b7400b000 JavaThread "main" [_thread_blocked, id=10406, stack(0x00007f7b7e17b000,0x00007f7b7e27c000)]

Other Threads:
=>0x00007f7b7413d800 VMThread [stack: 0x00007f7b78e86000,0x00007f7b78f87000] [id=10415]
  0x00007f7b741dc800 WatcherThread [stack: 0x00007f7b704bd000,0x00007f7b705be000] [id=10429]

VM state:at safepoint (normal execution)

VM Mutex/Monitor currently owned by a thread:  ([mutex/lock_event])
[0x00007f7b74007900] Threads_lock - owner thread: 0x00007f7b7413d800
[0x00007f7b74007e00] Heap_lock - owner thread: 0x00007f7b7400b000

Heap
 PSYoungGen      total 15872K, used 2023K [0x00000000eaa80000, 0x00000000ebc00000, 0x0000000100000000)
  eden space 13824K, 0% used [0x00000000eaa80000,0x00000000eaa80000,0x00000000eb800000)
  from space 2048K, 98% used [0x00000000eb800000,0x00000000eb9f9c88,0x00000000eba00000)
  to   space 2048K, 0% used [0x00000000eba00000,0x00000000eba00000,0x00000000ebc00000)
 ParOldGen       total 35328K, used 1222K [0x00000000c0000000, 0x00000000c2280000, 0x00000000eaa80000)
  object space 35328K, 3% used [0x00000000c0000000,0x00000000c0131860,0x00000000c2280000)
 PSPermGen       total 21504K, used 5531K [0x00000000b5a00000, 0x00000000b6f00000, 0x00000000c0000000)
  object space 21504K, 25% used [0x00000000b5a00000,0x00000000b5f66d18,0x00000000b6f00000)

Card table byte_map: [0x00007f7b7a962000,0x00007f7b7abb6000] byte_map_base: 0x00007f7b7a3b5000

Polling page: 0x00007f7b7e29f000

Code Cache  [0x00007f7b71000000, 0x00007f7b71270000, 0x00007f7b74000000)
 total_blobs=276 nmethods=47 adapters=183 free_code_cache=48688Kb largest_free_block=49827968

Compilation events (10 events):
Event: 6.036 Thread 0x00007f7b741c8800 nmethod 43 0x00007f7b710790d0 code [0x00007f7b71079220, 0x00007f7b71079468]
Event: 6.038 Thread 0x00007f7b741c6800 nmethod 44 0x00007f7b71078890 code [0x00007f7b71078a20, 0x00007f7b71078cc8]
Event: 6.039 Thread 0x00007f7b741c8800   45             java.util.BitSet::nextSetBit (102 bytes)
Event: 6.039 Thread 0x00007f7b741c6800   46             java.util.ArrayList::ensureCapacityInternal (23 bytes)
Event: 7.297 Thread 0x00007f7b741c8800 nmethod 45 0x00007f7b71073f50 code [0x00007f7b710740a0, 0x00007f7b710741d8]
Event: 7.311 Thread 0x00007f7b741c6800 nmethod 46 0x00007f7b71076dd0 code [0x00007f7b71076f20, 0x00007f7b71077188]
Event: 7.312 Thread 0x00007f7b741c6800   48   !         com.android.dx.util.IntList::get (36 bytes)
Event: 7.312 Thread 0x00007f7b741c8800   47             java.util.ArrayList::add (29 bytes)
Event: 8.232 Thread 0x00007f7b741c6800 nmethod 48 0x00007f7b71076b10 code [0x00007f7b71076c60, 0x00007f7b71076cf8]
Event: 8.243 Thread 0x00007f7b741c6800   49             com.android.dx.ssa.NormalSsaInsn::getOriginalRopInsn (5 bytes)

GC Heap History (1 events):
Event: 8.289 GC heap before
{Heap before GC invocations=1 (full 0):
 PSYoungGen      total 15872K, used 13824K [0x00000000eaa80000, 0x00000000ebc00000, 0x0000000100000000)
  eden space 13824K, 100% used [0x00000000eaa80000,0x00000000eb800000,0x00000000eb800000)
  from space 2048K, 0% used [0x00000000eba00000,0x00000000eba00000,0x00000000ebc00000)
  to   space 2048K, 0% used [0x00000000eb800000,0x00000000eb800000,0x00000000eba00000)
 ParOldGen       total 35328K, used 0K [0x00000000c0000000, 0x00000000c2280000, 0x00000000eaa80000)
  object space 35328K, 0% used [0x00000000c0000000,0x00000000c0000000,0x00000000c2280000)
 PSPermGen       total 21504K, used 5531K [0x00000000b5a00000, 0x00000000b6f00000, 0x00000000c0000000)
  object space 21504K, 25% used [0x00000000b5a00000,0x00000000b5f66d18,0x00000000b6f00000)

Deoptimization events (0 events):
No events

Internal exceptions (10 events):
Event: 2.857 Thread 0x00007f7b7400b000 Threw 0x00000000eb447d58 at /build/buildd/openjdk-7-7u75-2.5.4/build/openjdk/hotspot/src/share/vm/prims/jvm.cpp:1284
Event: 2.901 Thread 0x00007f7b7400b000 Threw 0x00000000eb4507d0 at /build/buildd/openjdk-7-7u75-2.5.4/build/openjdk/hotspot/src/share/vm/prims/jvm.cpp:1284
Event: 3.144 Thread 0x00007f7b7400b000 Threw 0x00000000eb46eee0 at /build/buildd/openjdk-7-7u75-2.5.4/build/openjdk/hotspot/src/share/vm/prims/jvm.cpp:1284
Event: 3.354 Thread 0x00007f7b7400b000 Threw 0x00000000eb4b4ec8 at /build/buildd/openjdk-7-7u75-2.5.4/build/openjdk/hotspot/src/share/vm/prims/jvm.cpp:1284
Event: 3.363 Thread 0x00007f7b7400b000 Threw 0x00000000eb4b8638 at /build/buildd/openjdk-7-7u75-2.5.4/build/openjdk/hotspot/src/share/vm/prims/jvm.cpp:1284
Event: 3.378 Thread 0x00007f7b7400b000 Threw 0x00000000eb4bfb78 at /build/buildd/openjdk-7-7u75-2.5.4/build/openjdk/hotspot/src/share/vm/prims/jvm.cpp:1284
Event: 3.381 Thread 0x00007f7b7400b000 Threw 0x00000000eb4c3b28 at /build/buildd/openjdk-7-7u75-2.5.4/build/openjdk/hotspot/src/share/vm/prims/jvm.cpp:1284
Event: 3.385 Thread 0x00007f7b7400b000 Threw 0x00000000eb4ca2b8 at /build/buildd/openjdk-7-7u75-2.5.4/build/openjdk/hotspot/src/share/vm/prims/jvm.cpp:1284
Event: 3.762 Thread 0x00007f7b7400b000 Threw 0x00000000eb504c58 at /build/buildd/openjdk-7-7u75-2.5.4/build/openjdk/hotspot/src/share/vm/prims/jvm.cpp:1284
Event: 4.533 Thread 0x00007f7b7400b000 Threw 0x00000000eb59a508 at /build/buildd/openjdk-7-7u75-2.5.4/build/openjdk/hotspot/src/share/vm/prims/jvm.cpp:1284

Events (10 events):
Event: 3.385 loading class 0x00007f7b741e49a0 done
Event: 3.579 loading class 0x00007f7b742b55b0
Event: 3.593 loading class 0x00007f7b742b55b0 done
Event: 4.216 loading class 0x00007f7b7a1479f0
Event: 4.232 loading class 0x00007f7b7a1479f0 done
Event: 4.522 loading class 0x00007f7b741e7ce0
Event: 4.527 loading class 0x00007f7b741e7ce0 done
Event: 5.080 Executing VM operation: EnableBiasedLocking
Event: 5.203 Executing VM operation: EnableBiasedLocking done
Event: 8.263 Executing VM operation: ParallelGCFailedAllocation


Dynamic libraries:
00400000-00401000 r-xp 00000000 08:02 23570                              /usr/lib/jvm/java-7-openjdk-amd64/jre/bin/java
00600000-00601000 r--p 00000000 08:02 23570                              /usr/lib/jvm/java-7-openjdk-amd64/jre/bin/java
00601000-00602000 rw-p 00001000 08:02 23570                              /usr/lib/jvm/java-7-openjdk-amd64/jre/bin/java
008bd000-008de000 rw-p 00000000 00:00 0                                  [heap]
b5a00000-b6f00000 rw-p 00000000 00:00 0 
b6f00000-c0000000 rw-p 00000000 00:00 0 
c0000000-c2280000 rw-p 00000000 00:00 0 
c2280000-eaa80000 rw-p 00000000 00:00 0 
eaa80000-ebc00000 rw-p 00000000 00:00 0 
ec980000-100000000 rw-p 00000000 00:00 0 
7f7b34000000-7f7b34021000 rw-p 00000000 00:00 0 
7f7b34021000-7f7b38000000 ---p 00000000 00:00 0 
7f7b3c000000-7f7b3c0e8000 rw-p 00000000 00:00 0 
7f7b3c0e8000-7f7b40000000 ---p 00000000 00:00 0 
7f7b40000000-7f7b40021000 rw-p 00000000 00:00 0 
7f7b40021000-7f7b44000000 ---p 00000000 00:00 0 
7f7b44000000-7f7b44021000 rw-p 00000000 00:00 0 
7f7b44021000-7f7b48000000 ---p 00000000 00:00 0 
7f7b48000000-7f7b4814f000 rw-p 00000000 00:00 0 
7f7b4814f000-7f7b4c000000 ---p 00000000 00:00 0 
7f7b4c000000-7f7b4c021000 rw-p 00000000 00:00 0 
7f7b4c021000-7f7b50000000 ---p 00000000 00:00 0 
7f7b50000000-7f7b50021000 rw-p 00000000 00:00 0 
7f7b50021000-7f7b54000000 ---p 00000000 00:00 0 
7f7b54000000-7f7b54021000 rw-p 00000000 00:00 0 
7f7b54021000-7f7b58000000 ---p 00000000 00:00 0 
7f7b58000000-7f7b58241000 rw-p 00000000 00:00 0 
7f7b58241000-7f7b5c000000 ---p 00000000 00:00 0 
7f7b5c000000-7f7b5c021000 rw-p 00000000 00:00 0 
7f7b5c021000-7f7b60000000 ---p 00000000 00:00 0 
7f7b64000000-7f7b64021000 rw-p 00000000 00:00 0 
7f7b64021000-7f7b68000000 ---p 00000000 00:00 0 
7f7b6877c000-7f7b687b9000 r-xp 00000000 08:02 136312                     /lib/x86_64-linux-gnu/libpcre.so.3.13.1
7f7b687b9000-7f7b689b8000 ---p 0003d000 08:02 136312                     /lib/x86_64-linux-gnu/libpcre.so.3.13.1
7f7b689b8000-7f7b689b9000 r--p 0003c000 08:02 136312                     /lib/x86_64-linux-gnu/libpcre.so.3.13.1
7f7b689b9000-7f7b689ba000 rw-p 0003d000 08:02 136312                     /lib/x86_64-linux-gnu/libpcre.so.3.13.1
7f7b689ba000-7f7b689c1000 r-xp 00000000 08:02 13029                      /usr/lib/x86_64-linux-gnu/libffi.so.6.0.1
7f7b689c1000-7f7b68bc0000 ---p 00007000 08:02 13029                      /usr/lib/x86_64-linux-gnu/libffi.so.6.0.1
7f7b68bc0000-7f7b68bc1000 r--p 00006000 08:02 13029                      /usr/lib/x86_64-linux-gnu/libffi.so.6.0.1
7f7b68bc1000-7f7b68bc2000 rw-p 00007000 08:02 13029                      /usr/lib/x86_64-linux-gnu/libffi.so.6.0.1
7f7b68bc2000-7f7b68bd9000 r-xp 00000000 08:02 166929                     /lib/x86_64-linux-gnu/libresolv-2.19.so
7f7b68bd9000-7f7b68dd9000 ---p 00017000 08:02 166929                     /lib/x86_64-linux-gnu/libresolv-2.19.so
7f7b68dd9000-7f7b68dda000 r--p 00017000 08:02 166929                     /lib/x86_64-linux-gnu/libresolv-2.19.so
7f7b68dda000-7f7b68ddb000 rw-p 00018000 08:02 166929                     /lib/x86_64-linux-gnu/libresolv-2.19.so
7f7b68ddb000-7f7b68ddd000 rw-p 00000000 00:00 0 
7f7b68ddd000-7f7b68dfd000 r-xp 00000000 08:02 136339                     /lib/x86_64-linux-gnu/libselinux.so.1
7f7b68dfd000-7f7b68ffc000 ---p 00020000 08:02 136339                     /lib/x86_64-linux-gnu/libselinux.so.1
7f7b68ffc000-7f7b68ffd000 r--p 0001f000 08:02 136339                     /lib/x86_64-linux-gnu/libselinux.so.1
7f7b68ffd000-7f7b68ffe000 rw-p 00020000 08:02 136339                     /lib/x86_64-linux-gnu/libselinux.so.1
7f7b68ffe000-7f7b69000000 rw-p 00000000 00:00 0 
7f7b69000000-7f7b69003000 r-xp 00000000 08:02 645                        /usr/lib/x86_64-linux-gnu/libgmodule-2.0.so.0.4002.0
7f7b69003000-7f7b69202000 ---p 00003000 08:02 645                        /usr/lib/x86_64-linux-gnu/libgmodule-2.0.so.0.4002.0
7f7b69202000-7f7b69203000 r--p 00002000 08:02 645                        /usr/lib/x86_64-linux-gnu/libgmodule-2.0.so.0.4002.0
7f7b69203000-7f7b69204000 rw-p 00003000 08:02 645                        /usr/lib/x86_64-linux-gnu/libgmodule-2.0.so.0.4002.0
7f7b69204000-7f7b6930a000 r-xp 00000000 08:02 136025                     /lib/x86_64-linux-gnu/libglib-2.0.so.0.4002.0
7f7b6930a000-7f7b69509000 ---p 00106000 08:02 136025                     /lib/x86_64-linux-gnu/libglib-2.0.so.0.4002.0
7f7b69509000-7f7b6950a000 r--p 00105000 08:02 136025                     /lib/x86_64-linux-gnu/libglib-2.0.so.0.4002.0
7f7b6950a000-7f7b6950b000 rw-p 00106000 08:02 136025                     /lib/x86_64-linux-gnu/libglib-2.0.so.0.4002.0
7f7b6950b000-7f7b6950c000 rw-p 00000000 00:00 0 
7f7b6950c000-7f7b6955b000 r-xp 00000000 08:02 663                        /usr/lib/x86_64-linux-gnu/libgobject-2.0.so.0.4002.0
7f7b6955b000-7f7b6975b000 ---p 0004f000 08:02 663                        /usr/lib/x86_64-linux-gnu/libgobject-2.0.so.0.4002.0
7f7b6975b000-7f7b6975c000 r--p 0004f000 08:02 663                        /usr/lib/x86_64-linux-gnu/libgobject-2.0.so.0.4002.0
7f7b6975c000-7f7b6975d000 rw-p 00050000 08:02 663                        /usr/lib/x86_64-linux-gnu/libgobject-2.0.so.0.4002.0
7f7b6975d000-7f7b698c9000 r-xp 00000000 08:02 667                        /usr/lib/x86_64-linux-gnu/libgio-2.0.so.0.4002.0
7f7b698c9000-7f7b69ac8000 ---p 0016c000 08:02 667                        /usr/lib/x86_64-linux-gnu/libgio-2.0.so.0.4002.0
7f7b69ac8000-7f7b69acc000 r--p 0016b000 08:02 667                        /usr/lib/x86_64-linux-gnu/libgio-2.0.so.0.4002.0
7f7b69acc000-7f7b69ace000 rw-p 0016f000 08:02 667                        /usr/lib/x86_64-linux-gnu/libgio-2.0.so.0.4002.0
7f7b69ace000-7f7b6c000000 rw-p 00000000 00:00 0 
7f7b6c000000-7f7b6c021000 rw-p 00000000 00:00 0 
7f7b6c021000-7f7b70000000 ---p 00000000 00:00 0 
7f7b70093000-7f7b700aa000 r-xp 00000000 08:02 23543                      /usr/lib/jvm/java-7-openjdk-amd64/jre/lib/amd64/libnet.so
7f7b700aa000-7f7b702a9000 ---p 00017000 08:02 23543                      /usr/lib/jvm/java-7-openjdk-amd64/jre/lib/amd64/libnet.so
7f7b702a9000-7f7b702aa000 r--p 00016000 08:02 23543                      /usr/lib/jvm/java-7-openjdk-amd64/jre/lib/amd64/libnet.so
7f7b702aa000-7f7b702ab000 rw-p 00017000 08:02 23543                      /usr/lib/jvm/java-7-openjdk-amd64/jre/lib/amd64/libnet.so
7f7b702ab000-7f7b702bb000 r-xp 00000000 08:02 23539                      /usr/lib/jvm/java-7-openjdk-amd64/jre/lib/amd64/libnio.so
7f7b702bb000-7f7b704bb000 ---p 00010000 08:02 23539                      /usr/lib/jvm/java-7-openjdk-amd64/jre/lib/amd64/libnio.so
7f7b704bb000-7f7b704bc000 r--p 00010000 08:02 23539                      /usr/lib/jvm/java-7-openjdk-amd64/jre/lib/amd64/libnio.so
7f7b704bc000-7f7b704bd000 rw-p 00011000 08:02 23539                      /usr/lib/jvm/java-7-openjdk-amd64/jre/lib/amd64/libnio.so
7f7b704bd000-7f7b704be000 ---p 00000000 00:00 0 
7f7b704be000-7f7b705be000 rw-p 00000000 00:00 0                          [stack:10429]
7f7b705be000-7f7b705c1000 ---p 00000000 00:00 0 
7f7b705c1000-7f7b706bf000 rw-p 00000000 00:00 0                          [stack:10427]
7f7b706bf000-7f7b706c2000 ---p 00000000 00:00 0 
7f7b706c2000-7f7b707c0000 rw-p 00000000 00:00 0                          [stack:10425]
7f7b707c0000-7f7b707c3000 ---p 00000000 00:00 0 
7f7b707c3000-7f7b708c1000 rw-p 00000000 00:00 0                          [stack:10423]
7f7b708c1000-7f7b708c6000 r-xp 00000000 08:02 12762                      /usr/lib/x86_64-linux-gnu/libXdmcp.so.6.0.0
7f7b708c6000-7f7b70ac5000 ---p 00005000 08:02 12762                      /usr/lib/x86_64-linux-gnu/libXdmcp.so.6.0.0
7f7b70ac5000-7f7b70ac6000 r--p 00004000 08:02 12762                      /usr/lib/x86_64-linux-gnu/libXdmcp.so.6.0.0
7f7b70ac6000-7f7b70ac7000 rw-p 00005000 08:02 12762                      /usr/lib/x86_64-linux-gnu/libXdmcp.so.6.0.0
7f7b70ac7000-7f7b70ac9000 r-xp 00000000 08:02 12751                      /usr/lib/x86_64-linux-gnu/libXau.so.6.0.0
7f7b70ac9000-7f7b70cc9000 ---p 00002000 08:02 12751                      /usr/lib/x86_64-linux-gnu/libXau.so.6.0.0
7f7b70cc9000-7f7b70cca000 r--p 00002000 08:02 12751                      /usr/lib/x86_64-linux-gnu/libXau.so.6.0.0
7f7b70cca000-7f7b70ccb000 rw-p 00003000 08:02 12751                      /usr/lib/x86_64-linux-gnu/libXau.so.6.0.0
7f7b70ccb000-7f7b70dfb000 r-xp 00000000 08:02 12747                      /usr/lib/x86_64-linux-gnu/libX11.so.6.3.0
7f7b70dfb000-7f7b70ffb000 ---p 00130000 08:02 12747                      /usr/lib/x86_64-linux-gnu/libX11.so.6.3.0
7f7b70ffb000-7f7b70ffc000 r--p 00130000 08:02 12747                      /usr/lib/x86_64-linux-gnu/libX11.so.6.3.0
7f7b70ffc000-7f7b71000000 rw-p 00131000 08:02 12747                      /usr/lib/x86_64-linux-gnu/libX11.so.6.3.0
7f7b71000000-7f7b71270000 rwxp 00000000 00:00 0 
7f7b71270000-7f7b7431b000 rw-p 00000000 00:00 0 
7f7b7431b000-7f7b78000000 ---p 00000000 00:00 0 
7f7b78051000-7f7b7806e000 r-xp 00000000 08:02 13821                      /usr/lib/x86_64-linux-gnu/libxcb.so.1.1.0
7f7b7806e000-7f7b7826e000 ---p 0001d000 08:02 13821                      /usr/lib/x86_64-linux-gnu/libxcb.so.1.1.0
7f7b7826e000-7f7b7826f000 r--p 0001d000 08:02 13821                      /usr/lib/x86_64-linux-gnu/libxcb.so.1.1.0
7f7b7826f000-7f7b78270000 rw-p 0001e000 08:02 13821                      /usr/lib/x86_64-linux-gnu/libxcb.so.1.1.0
7f7b78282000-7f7b7828f000 r--s 0007d000 08:03 6161640                    /home/adrian/Development/Android/SDK/extras/android/m2repository/com/android/support/support-v4/18.0.0/support-v4-18.0.0.jar
7f7b7828f000-7f7b78290000 r-xp 00000000 08:02 1822                       /usr/lib/jayatana/libjayatanaag.so
7f7b78290000-7f7b78490000 ---p 00001000 08:02 1822                       /usr/lib/jayatana/libjayatanaag.so
7f7b78490000-7f7b78491000 r--p 00001000 08:02 1822                       /usr/lib/jayatana/libjayatanaag.so
7f7b78491000-7f7b78492000 rw-p 00002000 08:02 1822                       /usr/lib/jayatana/libjayatanaag.so
7f7b78492000-7f7b784a1000 r--s 000dd000 08:03 3801591                    /home/adrian/Development/Android/SDK/build-tools/21.1.2/lib/dx.jar
7f7b784a1000-7f7b784a4000 ---p 00000000 00:00 0 
7f7b784a4000-7f7b785a2000 rw-p 00000000 00:00 0                          [stack:10422]
7f7b785a2000-7f7b78c84000 r--p 00000000 08:02 8493                       /usr/lib/locale/locale-archive
7f7b78c84000-7f7b78c87000 ---p 00000000 00:00 0 
7f7b78c87000-7f7b78d85000 rw-p 00000000 00:00 0                          [stack:10419]
7f7b78d85000-7f7b78d88000 ---p 00000000 00:00 0 
7f7b78d88000-7f7b78e86000 rw-p 00000000 00:00 0                          [stack:10417]
7f7b78e86000-7f7b78e87000 ---p 00000000 00:00 0 
7f7b78e87000-7f7b79edf000 rw-p 00000000 00:00 0                          [stack:10415]
7f7b79edf000-7f7b7a091000 r--s 01d23000 08:02 23512                      /usr/lib/jvm/java-7-openjdk-amd64/jre/lib/rt.jar
7f7b7a091000-7f7b7a3b5000 rw-p 00000000 00:00 0 
7f7b7a3b5000-7f7b7a3b6000 ---p 00000000 00:00 0 
7f7b7a3b6000-7f7b7a4b6000 rw-p 00000000 00:00 0                          [stack:10411]
7f7b7a4b6000-7f7b7a4b7000 ---p 00000000 00:00 0 
7f7b7a4b7000-7f7b7a5b7000 rw-p 00000000 00:00 0                          [stack:10410]
7f7b7a5b7000-7f7b7a5b8000 ---p 00000000 00:00 0 
7f7b7a5b8000-7f7b7a6b8000 rw-p 00000000 00:00 0                          [stack:10409]
7f7b7a6b8000-7f7b7a6b9000 ---p 00000000 00:00 0 
7f7b7a6b9000-7f7b7a7c4000 rw-p 00000000 00:00 0                          [stack:10408]
7f7b7a7c4000-7f7b7a80c000 rw-p 00000000 00:00 0 
7f7b7a80c000-7f7b7a81e000 rw-p 00000000 00:00 0 
7f7b7a81e000-7f7b7a962000 rw-p 00000000 00:00 0 
7f7b7a962000-7f7b7a96d000 rw-p 00000000 00:00 0 
7f7b7a96d000-7f7b7a9b5000 rw-p 00000000 00:00 0 
7f7b7a9b5000-7f7b7a9c7000 rw-p 00000000 00:00 0 
7f7b7a9c7000-7f7b7ab0a000 rw-p 00000000 00:00 0 
7f7b7ab0a000-7f7b7ab13000 rw-p 00000000 00:00 0 
7f7b7ab13000-7f7b7abb5000 rw-p 00000000 00:00 0 
7f7b7abb5000-7f7b7abb6000 rw-p 00000000 00:00 0 
7f7b7abb6000-7f7b7abbe000 r-xp 00000000 08:02 23567                      /usr/lib/jvm/java-7-openjdk-amd64/jre/lib/amd64/libzip.so
7f7b7abbe000-7f7b7adbd000 ---p 00008000 08:02 23567                      /usr/lib/jvm/java-7-openjdk-amd64/jre/lib/amd64/libzip.so
7f7b7adbd000-7f7b7adbe000 r--p 00007000 08:02 23567                      /usr/lib/jvm/java-7-openjdk-amd64/jre/lib/amd64/libzip.so
7f7b7adbe000-7f7b7adbf000 rw-p 00008000 08:02 23567                      /usr/lib/jvm/java-7-openjdk-amd64/jre/lib/amd64/libzip.so
7f7b7adbf000-7f7b7adca000 r-xp 00000000 08:02 166942                     /lib/x86_64-linux-gnu/libnss_files-2.19.so
7f7b7adca000-7f7b7afc9000 ---p 0000b000 08:02 166942                     /lib/x86_64-linux-gnu/libnss_files-2.19.so
7f7b7afc9000-7f7b7afca000 r--p 0000a000 08:02 166942                     /lib/x86_64-linux-gnu/libnss_files-2.19.so
7f7b7afca000-7f7b7afcb000 rw-p 0000b000 08:02 166942                     /lib/x86_64-linux-gnu/libnss_files-2.19.so
7f7b7afcb000-7f7b7afd6000 r-xp 00000000 08:02 166939                     /lib/x86_64-linux-gnu/libnss_nis-2.19.so
7f7b7afd6000-7f7b7b1d5000 ---p 0000b000 08:02 166939                     /lib/x86_64-linux-gnu/libnss_nis-2.19.so
7f7b7b1d5000-7f7b7b1d6000 r--p 0000a000 08:02 166939                     /lib/x86_64-linux-gnu/libnss_nis-2.19.so
7f7b7b1d6000-7f7b7b1d7000 rw-p 0000b000 08:02 166939                     /lib/x86_64-linux-gnu/libnss_nis-2.19.so
7f7b7b1d7000-7f7b7b1ee000 r-xp 00000000 08:02 166925                     /lib/x86_64-linux-gnu/libnsl-2.19.so
7f7b7b1ee000-7f7b7b3ed000 ---p 00017000 08:02 166925                     /lib/x86_64-linux-gnu/libnsl-2.19.so
7f7b7b3ed000-7f7b7b3ee000 r--p 00016000 08:02 166925                     /lib/x86_64-linux-gnu/libnsl-2.19.so
7f7b7b3ee000-7f7b7b3ef000 rw-p 00017000 08:02 166925                     /lib/x86_64-linux-gnu/libnsl-2.19.so
7f7b7b3ef000-7f7b7b3f1000 rw-p 00000000 00:00 0 
7f7b7b3f1000-7f7b7b3fa000 r-xp 00000000 08:02 166871                     /lib/x86_64-linux-gnu/libnss_compat-2.19.so
7f7b7b3fa000-7f7b7b5f9000 ---p 00009000 08:02 166871                     /lib/x86_64-linux-gnu/libnss_compat-2.19.so
7f7b7b5f9000-7f7b7b5fa000 r--p 00008000 08:02 166871                     /lib/x86_64-linux-gnu/libnss_compat-2.19.so
7f7b7b5fa000-7f7b7b5fb000 rw-p 00009000 08:02 166871                     /lib/x86_64-linux-gnu/libnss_compat-2.19.so
7f7b7b5fb000-7f7b7b605000 r-xp 00000000 08:02 23532                      /usr/lib/jvm/java-7-openjdk-amd64/jre/lib/amd64/libinstrument.so
7f7b7b605000-7f7b7b804000 ---p 0000a000 08:02 23532                      /usr/lib/jvm/java-7-openjdk-amd64/jre/lib/amd64/libinstrument.so
7f7b7b804000-7f7b7b805000 r--p 00009000 08:02 23532                      /usr/lib/jvm/java-7-openjdk-amd64/jre/lib/amd64/libinstrument.so
7f7b7b805000-7f7b7b806000 rw-p 0000a000 08:02 23532                      /usr/lib/jvm/java-7-openjdk-amd64/jre/lib/amd64/libinstrument.so
7f7b7b806000-7f7b7b831000 r-xp 00000000 08:02 23552                      /usr/lib/jvm/java-7-openjdk-amd64/jre/lib/amd64/libjava.so
7f7b7b831000-7f7b7ba31000 ---p 0002b000 08:02 23552                      /usr/lib/jvm/java-7-openjdk-amd64/jre/lib/amd64/libjava.so
7f7b7ba31000-7f7b7ba32000 r--p 0002b000 08:02 23552                      /usr/lib/jvm/java-7-openjdk-amd64/jre/lib/amd64/libjava.so
7f7b7ba32000-7f7b7ba34000 rw-p 0002c000 08:02 23552                      /usr/lib/jvm/java-7-openjdk-amd64/jre/lib/amd64/libjava.so
7f7b7ba34000-7f7b7ba44000 r-xp 00000000 08:02 23551                      /usr/lib/jvm/java-7-openjdk-amd64/jre/lib/amd64/libverify.so
7f7b7ba44000-7f7b7bc43000 ---p 00010000 08:02 23551                      /usr/lib/jvm/java-7-openjdk-amd64/jre/lib/amd64/libverify.so
7f7b7bc43000-7f7b7bc45000 r--p 0000f000 08:02 23551                      /usr/lib/jvm/java-7-openjdk-amd64/jre/lib/amd64/libverify.so
7f7b7bc45000-7f7b7bc46000 rw-p 00011000 08:02 23551                      /usr/lib/jvm/java-7-openjdk-amd64/jre/lib/amd64/libverify.so
7f7b7bc46000-7f7b7bc4d000 r-xp 00000000 08:02 166786                     /lib/x86_64-linux-gnu/librt-2.19.so
7f7b7bc4d000-7f7b7be4c000 ---p 00007000 08:02 166786                     /lib/x86_64-linux-gnu/librt-2.19.so
7f7b7be4c000-7f7b7be4d000 r--p 00006000 08:02 166786                     /lib/x86_64-linux-gnu/librt-2.19.so
7f7b7be4d000-7f7b7be4e000 rw-p 00007000 08:02 166786                     /lib/x86_64-linux-gnu/librt-2.19.so
7f7b7be4e000-7f7b7be64000 r-xp 00000000 08:02 136189                     /lib/x86_64-linux-gnu/libgcc_s.so.1
7f7b7be64000-7f7b7c063000 ---p 00016000 08:02 136189                     /lib/x86_64-linux-gnu/libgcc_s.so.1
7f7b7c063000-7f7b7c064000 rw-p 00015000 08:02 136189                     /lib/x86_64-linux-gnu/libgcc_s.so.1
7f7b7c064000-7f7b7c169000 r-xp 00000000 08:02 166924                     /lib/x86_64-linux-gnu/libm-2.19.so
7f7b7c169000-7f7b7c368000 ---p 00105000 08:02 166924                     /lib/x86_64-linux-gnu/libm-2.19.so
7f7b7c368000-7f7b7c369000 r--p 00104000 08:02 166924                     /lib/x86_64-linux-gnu/libm-2.19.so
7f7b7c369000-7f7b7c36a000 rw-p 00105000 08:02 166924                     /lib/x86_64-linux-gnu/libm-2.19.so
7f7b7c36a000-7f7b7c450000 r-xp 00000000 08:02 13657                      /usr/lib/x86_64-linux-gnu/libstdc++.so.6.0.19
7f7b7c450000-7f7b7c64f000 ---p 000e6000 08:02 13657                      /usr/lib/x86_64-linux-gnu/libstdc++.so.6.0.19
7f7b7c64f000-7f7b7c657000 r--p 000e5000 08:02 13657                      /usr/lib/x86_64-linux-gnu/libstdc++.so.6.0.19
7f7b7c657000-7f7b7c659000 rw-p 000ed000 08:02 13657                      /usr/lib/x86_64-linux-gnu/libstdc++.so.6.0.19
7f7b7c659000-7f7b7c66e000 rw-p 00000000 00:00 0 
7f7b7c66e000-7f7b7d186000 r-xp 00000000 08:02 23556                      /usr/lib/jvm/java-7-openjdk-amd64/jre/lib/amd64/server/libjvm.so
7f7b7d186000-7f7b7d386000 ---p 00b18000 08:02 23556                      /usr/lib/jvm/java-7-openjdk-amd64/jre/lib/amd64/server/libjvm.so
7f7b7d386000-7f7b7d420000 r--p 00b18000 08:02 23556                      /usr/lib/jvm/java-7-openjdk-amd64/jre/lib/amd64/server/libjvm.so
7f7b7d420000-7f7b7d443000 rw-p 00bb2000 08:02 23556                      /usr/lib/jvm/java-7-openjdk-amd64/jre/lib/amd64/server/libjvm.so
7f7b7d443000-7f7b7d471000 rw-p 00000000 00:00 0 
7f7b7d471000-7f7b7d489000 r-xp 00000000 08:02 136372                     /lib/x86_64-linux-gnu/libz.so.1.2.8
7f7b7d489000-7f7b7d688000 ---p 00018000 08:02 136372                     /lib/x86_64-linux-gnu/libz.so.1.2.8
7f7b7d688000-7f7b7d689000 r--p 00017000 08:02 136372                     /lib/x86_64-linux-gnu/libz.so.1.2.8
7f7b7d689000-7f7b7d68a000 rw-p 00018000 08:02 136372                     /lib/x86_64-linux-gnu/libz.so.1.2.8
7f7b7d68a000-7f7b7d6a3000 r-xp 00000000 08:02 166941                     /lib/x86_64-linux-gnu/libpthread-2.19.so
7f7b7d6a3000-7f7b7d8a2000 ---p 00019000 08:02 166941                     /lib/x86_64-linux-gnu/libpthread-2.19.so
7f7b7d8a2000-7f7b7d8a3000 r--p 00018000 08:02 166941                     /lib/x86_64-linux-gnu/libpthread-2.19.so
7f7b7d8a3000-7f7b7d8a4000 rw-p 00019000 08:02 166941                     /lib/x86_64-linux-gnu/libpthread-2.19.so
7f7b7d8a4000-7f7b7d8a8000 rw-p 00000000 00:00 0 
7f7b7d8a8000-7f7b7d8ab000 r-xp 00000000 08:02 166865                     /lib/x86_64-linux-gnu/libdl-2.19.so
7f7b7d8ab000-7f7b7daaa000 ---p 00003000 08:02 166865                     /lib/x86_64-linux-gnu/libdl-2.19.so
7f7b7daaa000-7f7b7daab000 r--p 00002000 08:02 166865                     /lib/x86_64-linux-gnu/libdl-2.19.so
7f7b7daab000-7f7b7daac000 rw-p 00003000 08:02 166865                     /lib/x86_64-linux-gnu/libdl-2.19.so
7f7b7daac000-7f7b7dc67000 r-xp 00000000 08:02 166785                     /lib/x86_64-linux-gnu/libc-2.19.so
7f7b7dc67000-7f7b7de67000 ---p 001bb000 08:02 166785                     /lib/x86_64-linux-gnu/libc-2.19.so
7f7b7de67000-7f7b7de6b000 r--p 001bb000 08:02 166785                     /lib/x86_64-linux-gnu/libc-2.19.so
7f7b7de6b000-7f7b7de6d000 rw-p 001bf000 08:02 166785                     /lib/x86_64-linux-gnu/libc-2.19.so
7f7b7de6d000-7f7b7de72000 rw-p 00000000 00:00 0 
7f7b7de72000-7f7b7de7f000 r-xp 00000000 08:02 23535                      /usr/lib/jvm/java-7-openjdk-amd64/jre/lib/amd64/jli/libjli.so
7f7b7de7f000-7f7b7e07e000 ---p 0000d000 08:02 23535                      /usr/lib/jvm/java-7-openjdk-amd64/jre/lib/amd64/jli/libjli.so
7f7b7e07e000-7f7b7e07f000 r--p 0000c000 08:02 23535                      /usr/lib/jvm/java-7-openjdk-amd64/jre/lib/amd64/jli/libjli.so
7f7b7e07f000-7f7b7e080000 rw-p 0000d000 08:02 23535                      /usr/lib/jvm/java-7-openjdk-amd64/jre/lib/amd64/jli/libjli.so
7f7b7e080000-7f7b7e0a3000 r-xp 00000000 08:02 166779                     /lib/x86_64-linux-gnu/ld-2.19.so
7f7b7e0a3000-7f7b7e0c5000 rw-p 00000000 00:00 0 
7f7b7e0c5000-7f7b7e17b000 rw-p 00000000 00:00 0 
7f7b7e17b000-7f7b7e17e000 ---p 00000000 00:00 0 
7f7b7e17e000-7f7b7e281000 rw-p 00000000 00:00 0                          [stack:10406]
7f7b7e281000-7f7b7e282000 r--p 00000000 08:02 301424                     /usr/share/locale-langpack/en_GB/LC_MESSAGES/libc.mo
7f7b7e282000-7f7b7e283000 r--s 00000000 08:02 318747                     /usr/share/java/jayatanaag.jar
7f7b7e283000-7f7b7e287000 r--s 00034000 08:02 23517                      /usr/lib/jvm/java-7-openjdk-amd64/jre/lib/ext/sunjce_provider.jar
7f7b7e287000-7f7b7e288000 r--s 00002000 08:02 23519                      /usr/lib/jvm/java-7-openjdk-amd64/jre/lib/ext/dnsns.jar
7f7b7e288000-7f7b7e28a000 r--s 00012000 08:02 23518                      /usr/lib/jvm/java-7-openjdk-amd64/jre/lib/ext/zipfs.jar
7f7b7e28a000-7f7b7e28d000 r--s 00086000 08:02 23520                      /usr/lib/jvm/java-7-openjdk-amd64/jre/lib/ext/localedata.jar
7f7b7e28d000-7f7b7e291000 r--s 0003c000 08:02 23516                      /usr/lib/jvm/java-7-openjdk-amd64/jre/lib/ext/sunpkcs11.jar
7f7b7e291000-7f7b7e294000 r--s 0000f000 08:02 23515                      /usr/lib/jvm/java-7-openjdk-amd64/jre/lib/ext/icedtea-sound.jar
7f7b7e294000-7f7b7e296000 r--s 00006000 08:02 311133                     /usr/share/java/java-atk-wrapper.jar
7f7b7e296000-7f7b7e29e000 rw-s 00000000 08:02 331464                     /tmp/hsperfdata_adrian/10387
7f7b7e29e000-7f7b7e29f000 rw-p 00000000 00:00 0 
7f7b7e29f000-7f7b7e2a0000 ---p 00000000 00:00 0 
7f7b7e2a0000-7f7b7e2a2000 rw-p 00000000 00:00 0 
7f7b7e2a2000-7f7b7e2a3000 r--p 00022000 08:02 166779                     /lib/x86_64-linux-gnu/ld-2.19.so
7f7b7e2a3000-7f7b7e2a4000 rw-p 00023000 08:02 166779                     /lib/x86_64-linux-gnu/ld-2.19.so
7f7b7e2a4000-7f7b7e2a5000 rw-p 00000000 00:00 0 
7fff5b1ed000-7fff5b20e000 rw-p 00000000 00:00 0                          [stack]
7fff5b277000-7fff5b279000 r-xp 00000000 00:00 0                          [vdso]
ffffffffff600000-ffffffffff601000 r-xp 00000000 00:00 0                  [vsyscall]

VM Arguments:
jvm_args: -javaagent:/usr/share/java/jayatanaag.jar -Xmx1024M 
java_command: /home/adrian/Development/Android/SDK/build-tools/21.1.2/lib/dx.jar --dex --output /home/adrian/Development/Android/Projects/TextLateLine/app/build/intermediates/pre-dexed/debug/support-v4-18.0.0-d0c8eb4db7fb7793f794d2fb031447d508bd6402.jar /home/adrian/Development/Android/SDK/extras/android/m2repository/com/android/support/support-v4/18.0.0/support-v4-18.0.0.jar
Launcher Type: SUN_STANDARD

Environment Variables:
JAVA_TOOL_OPTIONS=-javaagent:/usr/share/java/jayatanaag.jar 
CLASSPATH=/home/adrian/Development/Android/android-studio/bin/../lib/bootstrap.jar:/home/adrian/Development/Android/android-studio/bin/../lib/extensions.jar:/home/adrian/Development/Android/android-studio/bin/../lib/util.jar:/home/adrian/Development/Android/android-studio/bin/../lib/jdom.jar:/home/adrian/Development/Android/android-studio/bin/../lib/log4j.jar:/home/adrian/Development/Android/android-studio/bin/../lib/trove4j.jar:/home/adrian/Development/Android/android-studio/bin/../lib/jna.jar:/usr/lib/jvm/java-7-openjdk-amd64/lib/tools.jar
PATH=/usr/local/sbin:/usr/local/bin:/usr/sbin:/usr/bin:/sbin:/bin:/usr/games:/usr/local/games
LD_LIBRARY_PATH=/home/adrian/Development/Android/android-studio/bin:
SHELL=/bin/bash
DISPLAY=:0

Signal Handlers:
SIGSEGV: [libjvm.so+0x94b4b0], sa_mask[0]=0x7ffbfeff, sa_flags=0x10000004
SIGBUS: [libjvm.so+0x94b4b0], sa_mask[0]=0x7ffbfeff, sa_flags=0x10000004
SIGFPE: [libjvm.so+0x7c3390], sa_mask[0]=0x7ffbfeff, sa_flags=0x10000004
SIGPIPE: [libjvm.so+0x7c3390], sa_mask[0]=0x7ffbfeff, sa_flags=0x10000004
SIGXFSZ: [libjvm.so+0x7c3390], sa_mask[0]=0x7ffbfeff, sa_flags=0x10000004
SIGILL: [libjvm.so+0x7c3390], sa_mask[0]=0x7ffbfeff, sa_flags=0x10000004
SIGUSR1: SIG_DFL, sa_mask[0]=0x00000000, sa_flags=0x00000000
SIGUSR2: [libjvm.so+0x7c3230], sa_mask[0]=0x00000004, sa_flags=0x10000004
SIGHUP: [libjvm.so+0x7c3410], sa_mask[0]=0x7ffbfeff, sa_flags=0x10000004
SIGINT: [libjvm.so+0x7c3410], sa_mask[0]=0x7ffbfeff, sa_flags=0x10000004
SIGTERM: [libjvm.so+0x7c3410], sa_mask[0]=0x7ffbfeff, sa_flags=0x10000004
SIGQUIT: [libjvm.so+0x7c3410], sa_mask[0]=0x7ffbfeff, sa_flags=0x10000004
SIGTRAP: SIG_DFL, sa_mask[0]=0x00000000, sa_flags=0x00000000


---------------  S Y S T E M  ---------------

OS:Ubuntu 14.04 (trusty)
uname:Linux 3.13.0-44-generic #73-Ubuntu SMP Tue Dec 16 00:22:43 UTC 2014 x86_64
libc:glibc 2.19 NPTL 2.19 
rlimit: STACK 8192k, CORE 0k, NPROC 26043, NOFILE 4096, AS infinity
load average:4.53 2.43 1.64

/proc/meminfo:
MemTotal:        3418736 kB
MemFree:          675548 kB
Buffers:             864 kB
Cached:            49296 kB
SwapCached:            0 kB
Active:          2534176 kB
Inactive:          46836 kB
Active(anon):    2532372 kB
Inactive(anon):    20884 kB
Active(file):       1804 kB
Inactive(file):    25952 kB
Unevictable:           0 kB
Mlocked:               0 kB
SwapTotal:             0 kB
SwapFree:              0 kB
Dirty:              1540 kB
Writeback:             0 kB
AnonPages:       2531184 kB
Mapped:            23056 kB
Shmem:             22072 kB
Slab:              59592 kB
SReclaimable:      23468 kB
SUnreclaim:        36124 kB
KernelStack:        4896 kB
PageTables:        35756 kB
NFS_Unstable:          0 kB
Bounce:                0 kB
WritebackTmp:          0 kB
CommitLimit:     1709368 kB
Committed_AS:    6247392 kB
VmallocTotal:   34359738367 kB
VmallocUsed:      111612 kB
VmallocChunk:   34359619636 kB
HardwareCorrupted:     0 kB
AnonHugePages:   1472512 kB
HugePages_Total:       0
HugePages_Free:        0
HugePages_Rsvd:        0
HugePages_Surp:        0
Hugepagesize:       2048 kB
DirectMap4k:       75264 kB
DirectMap2M:     3547136 kB
DirectMap1G:           0 kB


CPU:total 4 (4 cores per cpu, 1 threads per core) family 22 model 0 stepping 1, cmov, cx8, fxsr, mmx, sse, sse2, sse3, ssse3, sse4.1, sse4.2, popcnt, avx, aes, mmxext, 3dnowpref, lzcnt, sse4a, tsc, tscinvbit, tscinv

/proc/cpuinfo:
processor	: 0
vendor_id	: AuthenticAMD
cpu family	: 22
model		: 0
model name	: AMD A4-5000 APU with Radeon(TM) HD Graphics
stepping	: 1
microcode	: 0x700010b
cpu MHz		: 800.000
cache size	: 2048 KB
physical id	: 0
siblings	: 4
core id		: 0
cpu cores	: 4
apicid		: 0
initial apicid	: 0
fpu		: yes
fpu_exception	: yes
cpuid level	: 13
wp		: yes
flags		: fpu vme de pse tsc msr pae mce cx8 apic sep mtrr pge mca cmov pat pse36 clflush mmx fxsr sse sse2 ht syscall nx mmxext fxsr_opt pdpe1gb rdtscp lm constant_tsc rep_good nopl nonstop_tsc extd_apicid aperfmperf eagerfpu pni pclmulqdq monitor ssse3 cx16 sse4_1 sse4_2 movbe popcnt aes xsave avx f16c lahf_lm cmp_legacy svm extapic cr8_legacy abm sse4a misalignsse 3dnowprefetch osvw ibs skinit wdt topoext perfctr_nb perfctr_l2 arat xsaveopt hw_pstate proc_feedback npt lbrv svm_lock nrip_save tsc_scale flushbyasid decodeassists pausefilter pfthreshold vmmcall bmi1
bogomips	: 2994.40
TLB size	: 1024 4K pages
clflush size	: 64
cache_alignment	: 64
address sizes	: 40 bits physical, 48 bits virtual
power management: ts ttp tm 100mhzsteps hwpstate [11]

processor	: 1
vendor_id	: AuthenticAMD
cpu family	: 22
model		: 0
model name	: AMD A4-5000 APU with Radeon(TM) HD Graphics    
stepping	: 1
microcode	: 0x700010b
cpu MHz		: 1500.000
cache size	: 2048 KB
physical id	: 0
siblings	: 4
core id		: 1
cpu cores	: 4
apicid		: 1
initial apicid	: 1
fpu		: yes
fpu_exception	: yes
cpuid level	: 13
wp		: yes
flags		: fpu vme de pse tsc msr pae mce cx8 apic sep mtrr pge mca cmov pat pse36 clflush mmx fxsr sse sse2 ht syscall nx mmxext fxsr_opt pdpe1gb rdtscp lm constant_tsc rep_good nopl nonstop_tsc extd_apicid aperfmperf eagerfpu pni pclmulqdq monitor ssse3 cx16 sse4_1 sse4_2 movbe popcnt aes xsave avx f16c lahf_lm cmp_legacy svm extapic cr8_legacy abm sse4a misalignsse 3dnowprefetch osvw ibs skinit wdt topoext perfctr_nb perfctr_l2 arat xsaveopt hw_pstate proc_feedback npt lbrv svm_lock nrip_save tsc_scale flushbyasid decodeassists pausefilter pfthreshold vmmcall bmi1
bogomips	: 2994.40
TLB size	: 1024 4K pages
clflush size	: 64
cache_alignment	: 64
address sizes	: 40 bits physical, 48 bits virtual
power management: ts ttp tm 100mhzsteps hwpstate [11]

processor	: 2
vendor_id	: AuthenticAMD
cpu family	: 22
model		: 0
model name	: AMD A4-5000 APU with Radeon(TM) HD Graphics    
stepping	: 1
microcode	: 0x700010b
cpu MHz		: 800.000
cache size	: 2048 KB
physical id	: 0
siblings	: 4
core id		: 2
cpu cores	: 4
apicid		: 2
initial apicid	: 2
fpu		: yes
fpu_exception	: yes
cpuid level	: 13
wp		: yes
flags		: fpu vme de pse tsc msr pae mce cx8 apic sep mtrr pge mca cmov pat pse36 clflush mmx fxsr sse sse2 ht syscall nx mmxext fxsr_opt pdpe1gb rdtscp lm constant_tsc rep_good nopl nonstop_tsc extd_apicid aperfmperf eagerfpu pni pclmulqdq monitor ssse3 cx16 sse4_1 sse4_2 movbe popcnt aes xsave avx f16c lahf_lm cmp_legacy svm extapic cr8_legacy abm sse4a misalignsse 3dnowprefetch osvw ibs skinit wdt topoext perfctr_nb perfctr_l2 arat xsaveopt hw_pstate proc_feedback npt lbrv svm_lock nrip_save tsc_scale flushbyasid decodeassists pausefilter pfthreshold vmmcall bmi1
bogomips	: 2994.40
TLB size	: 1024 4K pages
clflush size	: 64
cache_alignment	: 64
address sizes	: 40 bits physical, 48 bits virtual
power management: ts ttp tm 100mhzsteps hwpstate [11]

processor	: 3
vendor_id	: AuthenticAMD
cpu family	: 22
model		: 0
model name	: AMD A4-5000 APU with Radeon(TM) HD Graphics    
stepping	: 1
microcode	: 0x700010b
cpu MHz		: 1500.000
cache size	: 2048 KB
physical id	: 0
siblings	: 4
core id		: 3
cpu cores	: 4
apicid		: 3
initial apicid	: 3
fpu		: yes
fpu_exception	: yes
cpuid level	: 13
wp		: yes
flags		: fpu vme de pse tsc msr pae mce cx8 apic sep mtrr pge mca cmov pat pse36 clflush mmx fxsr sse sse2 ht syscall nx mmxext fxsr_opt pdpe1gb rdtscp lm constant_tsc rep_good nopl nonstop_tsc extd_apicid aperfmperf eagerfpu pni pclmulqdq monitor ssse3 cx16 sse4_1 sse4_2 movbe popcnt aes xsave avx f16c lahf_lm cmp_legacy svm extapic cr8_legacy abm sse4a misalignsse 3dnowprefetch osvw ibs skinit wdt topoext perfctr_nb perfctr_l2 arat xsaveopt hw_pstate proc_feedback npt lbrv svm_lock nrip_save tsc_scale flushbyasid decodeassists pausefilter pfthreshold vmmcall bmi1
bogomips	: 2994.40
TLB size	: 1024 4K pages
clflush size	: 64
cache_alignment	: 64
address sizes	: 40 bits physical, 48 bits virtual
power management: ts ttp tm 100mhzsteps hwpstate [11]



Memory: 4k page, physical 3418736k(672992k free), swap 0k(0k free)

vm_info: OpenJDK 64-Bit Server VM (24.75-b04) for linux-amd64 JRE (1.7.0_75-b13), built on Jan 27 2015 00:38:59 by "buildd" with gcc 4.8.2

time: Wed Mar  4 21:41:07 2015
elapsed time: 13 seconds

