#
# There is insufficient memory for the Java Runtime Environment to continue.
# Native memory allocation (malloc) failed to allocate 71827456 bytes for committing reserved memory.
# Possible reasons:
#   The system is out of physical RAM or swap space
#   In 32 bit mode, the process size limit was hit
# Possible solutions:
#   Reduce memory load on the system
#   Increase physical memory or swap space
#   Check if swap backing store is full
#   Use 64 bit Java on a 64 bit OS
#   Decrease Java heap size (-Xmx/-Xms)
#   Decrease number of Java threads
#   Decrease Java thread stack sizes (-Xss)
#   Set larger code cache with -XX:ReservedCodeCacheSize=
# This output file may be truncated or incomplete.
#
#  Out of Memory Error (os_linux.cpp:2798), pid=8554, tid=140219344545536
#
# JRE version: OpenJDK Runtime Environment (7.0_75-b13) (build 1.7.0_75-b13)
# Java VM: OpenJDK 64-Bit Server VM (24.75-b04 mixed mode linux-amd64 compressed oops)
# Derivative: IcedTea 2.5.4
# Distribution: Ubuntu 14.04 LTS, package 7u75-2.5.4-1~trusty1
# Failed to write core dump. Core dumps have been disabled. To enable core dumping, try "ulimit -c unlimited" before starting Java again
#

---------------  T H R E A D  ---------------

Current thread (0x00007f876413e000):  VMThread [stack: 0x00007f875c28e000,0x00007f875c38f000] [id=8561]

Stack: [0x00007f875c28e000,0x00007f875c38f000],  sp=0x00007f875c38d490,  free space=1021k
Native frames: (J=compiled Java code, j=interpreted, Vv=VM code, C=native code)
V  [libjvm.so+0x94a9d5]  VMError::report_and_die()+0x175
V  [libjvm.so+0x48b954]  report_vm_out_of_memory(char const*, int, unsigned long, char const*)+0x74
V  [libjvm.so+0x7c7b7b]  os::pd_commit_memory(char*, unsigned long, unsigned long, bool)+0xeb
V  [libjvm.so+0x7c263f]  os::commit_memory(char*, unsigned long, unsigned long, bool)+0x1f
V  [libjvm.so+0x834b1b]  PSVirtualSpace::expand_by(unsigned long)+0x5b
V  [libjvm.so+0x82486b]  PSOldGen::expand_by(unsigned long) [clone .part.80]+0x1b
V  [libjvm.so+0x824a2b]  PSOldGen::expand(unsigned long) [clone .part.81]+0xdb
V  [libjvm.so+0x825958]  PSOldGen::resize(unsigned long)+0x188
V  [libjvm.so+0x82ca24]  PSParallelCompact::invoke_no_policy(bool)+0x9c4
V  [libjvm.so+0x832c5d]  PSScavenge::invoke()+0x17d
V  [libjvm.so+0x7e9203]  ParallelScavengeHeap::failed_mem_allocate(unsigned long)+0x63
V  [libjvm.so+0x94c3d4]  VM_ParallelGCFailedAllocation::doit()+0x84
V  [libjvm.so+0x9508d7]  VM_Operation::evaluate()+0x47
V  [libjvm.so+0x94f248]  VMThread::evaluate_operation(VM_Operation*)+0x318
V  [libjvm.so+0x94f6a9]  VMThread::loop()+0x219
V  [libjvm.so+0x94faf2]  VMThread::run()+0x72
V  [libjvm.so+0x7c4a42]  java_start(Thread*)+0xf2

VM_Operation (0x00007f8754842ab0): ParallelGCFailedAllocation, mode: safepoint, requested by thread 0x00007f8718010800


---------------  P R O C E S S  ---------------

Java Threads: ( => current thread )
  0x00007f86e474f800 JavaThread "Stdin handler" [_thread_blocked, id=12141, stack(0x00007f875463d000,0x00007f875473e000)]
  0x00007f8718010800 JavaThread "Daemon worker Thread 7" [_thread_blocked, id=12138, stack(0x00007f8754745000,0x00007f8754846000)]
  0x00007f871800e800 JavaThread "Cancel handler" [_thread_blocked, id=12137, stack(0x00007f8754846000,0x00007f8754947000)]
  0x00007f8718003800 JavaThread "Handler for socket connection from /127.0.0.1:34471 to /127.0.0.1:42142" [_thread_in_native, id=12136, stack(0x00007f8754947000,0x00007f8754a48000)]
  0x00007f8724008000 JavaThread "Daemon Thread 7" [_thread_blocked, id=12135, stack(0x00007f8754a48000,0x00007f8754b49000)]
  0x00007f87144a4000 JavaThread "File lock request listener" [_thread_in_native, id=8636, stack(0x00007f8754498000,0x00007f8754599000)]
  0x00007f8764ad6000 JavaThread "Incoming local TCP Connector on port 34471" [_thread_in_native, id=8569, stack(0x00007f8754b49000,0x00007f8754c4a000)]
  0x00007f87641ed800 JavaThread "Service Thread" daemon [_thread_blocked, id=8567, stack(0x00007f87569b9000,0x00007f8756aba000)]
  0x00007f87641e4800 JavaThread "C2 CompilerThread1" daemon [_thread_blocked, id=8566, stack(0x00007f8756aba000,0x00007f8756bbb000)]
  0x00007f87641e2800 JavaThread "C2 CompilerThread0" daemon [_thread_blocked, id=8565, stack(0x00007f8756bbb000,0x00007f8756cbc000)]
  0x00007f876416f800 JavaThread "Signal Dispatcher" daemon [_thread_blocked, id=8564, stack(0x00007f875781d000,0x00007f875791e000)]
  0x00007f8764144800 JavaThread "Finalizer" daemon [_thread_blocked, id=8563, stack(0x00007f875c08c000,0x00007f875c18d000)]
  0x00007f8764142800 JavaThread "Reference Handler" daemon [_thread_blocked, id=8562, stack(0x00007f875c18d000,0x00007f875c28e000)]
  0x00007f876400b800 JavaThread "main" [_thread_blocked, id=8556, stack(0x00007f876ae4a000,0x00007f876af4b000)]

Other Threads:
=>0x00007f876413e000 VMThread [stack: 0x00007f875c28e000,0x00007f875c38f000] [id=8561]
  0x00007f87641f8800 WatcherThread [stack: 0x00007f87568b8000,0x00007f87569b9000] [id=8568]

VM state:at safepoint (normal execution)

VM Mutex/Monitor currently owned by a thread:  ([mutex/lock_event])
[0x00007f87640075c0] ExpandHeap_lock - owner thread: 0x00007f876413e000
[0x00007f8764007c40] Threads_lock - owner thread: 0x00007f876413e000
[0x00007f8764008140] Heap_lock - owner thread: 0x00007f8718010800

Heap
 PSYoungGen      total 267776K, used 14915K [0x00000000eaa80000, 0x0000000100000000, 0x0000000100000000)
  eden space 200192K, 7% used [0x00000000eaa80000,0x00000000eb910d38,0x00000000f6e00000)
  from space 67584K, 0% used [0x00000000fbe00000,0x00000000fbe00000,0x0000000100000000)
  to   space 74752K, 0% used [0x00000000f6e00000,0x00000000f6e00000,0x00000000fb700000)
 ParOldGen       total 133632K, used 133609K [0x00000000c0000000, 0x00000000c8280000, 0x00000000eaa80000)
  object space 133632K, 99% used [0x00000000c0000000,0x00000000c827a6e8,0x00000000c8280000)
 PSPermGen       total 138240K, used 104282K [0x00000000b0000000, 0x00000000b8700000, 0x00000000c0000000)
  object space 138240K, 75% used [0x00000000b0000000,0x00000000b65d6868,0x00000000b8700000)

Card table byte_map: [0x00007f8760544000,0x00007f87607c5000] byte_map_base: 0x00007f875ffc4000

Polling page: 0x00007f876af6e000

Code Cache  [0x00007f87607c5000, 0x00007f8760f15000, 0x00007f87637c5000)
 total_blobs=2456 nmethods=1834 adapters=574 free_code_cache=41776Kb largest_free_block=42685696

Compilation events (10 events):
Event: 2879.348 Thread 0x00007f87641e4800 nmethod 2013 0x00007f8760eebc10 code [0x00007f8760eebd80, 0x00007f8760eebf28]
Event: 2879.349 Thread 0x00007f87641e4800 2014             com.google.common.cache.LocalCache::rehash (49 bytes)
Event: 2879.350 Thread 0x00007f87641e4800 nmethod 2014 0x00007f8760e8d5d0 code [0x00007f8760e8d700, 0x00007f8760e8d798]
Event: 2879.350 Thread 0x00007f87641e4800 2015             com.google.common.cache.LocalCache::segmentFor (17 bytes)
Event: 2879.352 Thread 0x00007f87641e4800 nmethod 2015 0x00007f8760f01850 code [0x00007f8760f019a0, 0x00007f8760f01a38]
Event: 2879.353 Thread 0x00007f87641e2800 nmethod 2012 0x00007f8760f0ccd0 code [0x00007f8760f0cf80, 0x00007f8760f0dea0]
Event: 2879.353 Thread 0x00007f87641e4800 2016             com.google.common.cache.LocalCache::refreshes (15 bytes)
Event: 2879.354 Thread 0x00007f87641e4800 nmethod 2016 0x00007f8760e8d1d0 code [0x00007f8760e8d300, 0x00007f8760e8d358]
Event: 2879.354 Thread 0x00007f87641e4800 2017             com.google.common.cache.LocalCache::recordsAccess (5 bytes)
Event: 2879.355 Thread 0x00007f87641e4800 nmethod 2017 0x00007f8760f01650 code [0x00007f8760f01780, 0x00007f8760f017d8]

GC Heap History (10 events):
Event: 2507.759 GC heap after
Heap after GC invocations=25 (full 5):
 PSYoungGen      total 263680K, used 14898K [0x00000000eaa80000, 0x0000000100000000, 0x0000000100000000)
  eden space 219648K, 0% used [0x00000000eaa80000,0x00000000eaa80000,0x00000000f8100000)
  from space 44032K, 33% used [0x00000000fd500000,0x00000000fe38ca00,0x0000000100000000)
  to   space 65024K, 0% used [0x00000000f8100000,0x00000000f8100000,0x00000000fc080000)
 ParOldGen       total 78848K, used 78428K [0x00000000c0000000, 0x00000000c4d00000, 0x00000000eaa80000)
  object space 78848K, 99% used [0x00000000c0000000,0x00000000c4c97380,0x00000000c4d00000)
 PSPermGen       total 125952K, used 77588K [0x00000000b0000000, 0x00000000b7b00000, 0x00000000c0000000)
  object space 125952K, 61% used [0x00000000b0000000,0x00000000b4bc5390,0x00000000b7b00000)
}
Event: 2615.836 GC heap before
{Heap before GC invocations=26 (full 6):
 PSYoungGen      total 263680K, used 234546K [0x00000000eaa80000, 0x0000000100000000, 0x0000000100000000)
  eden space 219648K, 100% used [0x00000000eaa80000,0x00000000f8100000,0x00000000f8100000)
  from space 44032K, 33% used [0x00000000fd500000,0x00000000fe38ca00,0x0000000100000000)
  to   space 65024K, 0% used [0x00000000f8100000,0x00000000f8100000,0x00000000fc080000)
 ParOldGen       total 78848K, used 78428K [0x00000000c0000000, 0x00000000c4d00000, 0x00000000eaa80000)
  object space 78848K, 99% used [0x00000000c0000000,0x00000000c4c97380,0x00000000c4d00000)
 PSPermGen       total 125952K, used 84307K [0x00000000b0000000, 0x00000000b7b00000, 0x00000000c0000000)
  object space 125952K, 66% used [0x00000000b0000000,0x00000000b5254c58,0x00000000b7b00000)
Event: 2616.831 GC heap after
Heap after GC invocations=26 (full 6):
 PSYoungGen      total 263680K, used 29258K [0x00000000eaa80000, 0x0000000100000000, 0x0000000100000000)
  eden space 219648K, 13% used [0x00000000eaa80000,0x00000000ec7129d8,0x00000000f8100000)
  from space 44032K, 0% used [0x00000000fd500000,0x00000000fd500000,0x0000000100000000)
  to   space 65024K, 0% used [0x00000000f8100000,0x00000000f8100000,0x00000000fc080000)
 ParOldGen       total 133632K, used 78839K [0x00000000c0000000, 0x00000000c8280000, 0x00000000eaa80000)
  object space 133632K, 58% used [0x00000000c0000000,0x00000000c4cfdda0,0x00000000c8280000)
 PSPermGen       total 130048K, used 84268K [0x00000000b0000000, 0x00000000b7f00000, 0x00000000c0000000)
  object space 130048K, 64% used [0x00000000b0000000,0x00000000b524b1e8,0x00000000b7f00000)
}
Event: 2790.991 GC heap before
{Heap before GC invocations=27 (full 6):
 PSYoungGen      total 263680K, used 219648K [0x00000000eaa80000, 0x0000000100000000, 0x0000000100000000)
  eden space 219648K, 100% used [0x00000000eaa80000,0x00000000f8100000,0x00000000f8100000)
  from space 44032K, 0% used [0x00000000fd500000,0x00000000fd500000,0x0000000100000000)
  to   space 65024K, 0% used [0x00000000f8100000,0x00000000f8100000,0x00000000fc080000)
 ParOldGen       total 133632K, used 78839K [0x00000000c0000000, 0x00000000c8280000, 0x00000000eaa80000)
  object space 133632K, 58% used [0x00000000c0000000,0x00000000c4cfdda0,0x00000000c8280000)
 PSPermGen       total 130048K, used 90944K [0x00000000b0000000, 0x00000000b7f00000, 0x00000000c0000000)
  object space 130048K, 69% used [0x00000000b0000000,0x00000000b58d0228,0x00000000b7f00000)
Event: 2791.130 GC heap after
Heap after GC invocations=27 (full 6):
 PSYoungGen      total 262656K, used 42792K [0x00000000eaa80000, 0x0000000100000000, 0x0000000100000000)
  eden space 219648K, 0% used [0x00000000eaa80000,0x00000000eaa80000,0x00000000f8100000)
  from space 43008K, 99% used [0x00000000f8100000,0x00000000faaca080,0x00000000fab00000)
  to   space 67584K, 0% used [0x00000000fbe00000,0x00000000fbe00000,0x0000000100000000)
 ParOldGen       total 133632K, used 80451K [0x00000000c0000000, 0x00000000c8280000, 0x00000000eaa80000)
  object space 133632K, 60% used [0x00000000c0000000,0x00000000c4e90dd0,0x00000000c8280000)
 PSPermGen       total 130048K, used 90944K [0x00000000b0000000, 0x00000000b7f00000, 0x00000000c0000000)
  object space 130048K, 69% used [0x00000000b0000000,0x00000000b58d0228,0x00000000b7f00000)
}
Event: 2795.379 GC heap before
{Heap before GC invocations=28 (full 6):
 PSYoungGen      total 262656K, used 246195K [0x00000000eaa80000, 0x0000000100000000, 0x0000000100000000)
  eden space 219648K, 92% used [0x00000000eaa80000,0x00000000f7122f68,0x00000000f8100000)
  from space 43008K, 99% used [0x00000000f8100000,0x00000000faaca080,0x00000000fab00000)
  to   space 67584K, 0% used [0x00000000fbe00000,0x00000000fbe00000,0x0000000100000000)
 ParOldGen       total 133632K, used 80451K [0x00000000c0000000, 0x00000000c8280000, 0x00000000eaa80000)
  object space 133632K, 60% used [0x00000000c0000000,0x00000000c4e90dd0,0x00000000c8280000)
 PSPermGen       total 130048K, used 97732K [0x00000000b0000000, 0x00000000b7f00000, 0x00000000c0000000)
  object space 130048K, 75% used [0x00000000b0000000,0x00000000b5f71110,0x00000000b7f00000)
Event: 2795.479 GC heap after
Heap after GC invocations=28 (full 6):
 PSYoungGen      total 267776K, used 56805K [0x00000000eaa80000, 0x0000000100000000, 0x0000000100000000)
  eden space 200192K, 0% used [0x00000000eaa80000,0x00000000eaa80000,0x00000000f6e00000)
  from space 67584K, 84% used [0x00000000fbe00000,0x00000000ff5794c0,0x0000000100000000)
  to   space 74752K, 0% used [0x00000000f6e00000,0x00000000f6e00000,0x00000000fb700000)
 ParOldGen       total 133632K, used 80451K [0x00000000c0000000, 0x00000000c8280000, 0x00000000eaa80000)
  object space 133632K, 60% used [0x00000000c0000000,0x00000000c4e90dd0,0x00000000c8280000)
 PSPermGen       total 130048K, used 97732K [0x00000000b0000000, 0x00000000b7f00000, 0x00000000c0000000)
  object space 130048K, 75% used [0x00000000b0000000,0x00000000b5f71110,0x00000000b7f00000)
}
Event: 2795.479 GC heap before
{Heap before GC invocations=29 (full 7):
 PSYoungGen      total 267776K, used 56805K [0x00000000eaa80000, 0x0000000100000000, 0x0000000100000000)
  eden space 200192K, 0% used [0x00000000eaa80000,0x00000000eaa80000,0x00000000f6e00000)
  from space 67584K, 84% used [0x00000000fbe00000,0x00000000ff5794c0,0x0000000100000000)
  to   space 74752K, 0% used [0x00000000f6e00000,0x00000000f6e00000,0x00000000fb700000)
 ParOldGen       total 133632K, used 80451K [0x00000000c0000000, 0x00000000c8280000, 0x00000000eaa80000)
  object space 133632K, 60% used [0x00000000c0000000,0x00000000c4e90dd0,0x00000000c8280000)
 PSPermGen       total 130048K, used 97732K [0x00000000b0000000, 0x00000000b7f00000, 0x00000000c0000000)
  object space 130048K, 75% used [0x00000000b0000000,0x00000000b5f71110,0x00000000b7f00000)
Event: 2796.574 GC heap after
Heap after GC invocations=29 (full 7):
 PSYoungGen      total 267776K, used 0K [0x00000000eaa80000, 0x0000000100000000, 0x0000000100000000)
  eden space 200192K, 0% used [0x00000000eaa80000,0x00000000eaa80000,0x00000000f6e00000)
  from space 67584K, 0% used [0x00000000fbe00000,0x00000000fbe00000,0x0000000100000000)
  to   space 74752K, 0% used [0x00000000f6e00000,0x00000000f6e00000,0x00000000fb700000)
 ParOldGen       total 133632K, used 133010K [0x00000000c0000000, 0x00000000c8280000, 0x00000000eaa80000)
  object space 133632K, 99% used [0x00000000c0000000,0x00000000c81e4b10,0x00000000c8280000)
 PSPermGen       total 138240K, used 97655K [0x00000000b0000000, 0x00000000b8700000, 0x00000000c0000000)
  object space 138240K, 70% used [0x00000000b0000000,0x00000000b5f5dc30,0x00000000b8700000)
}
Event: 2879.509 GC heap before
{Heap before GC invocations=30 (full 8):
 PSYoungGen      total 267776K, used 200192K [0x00000000eaa80000, 0x0000000100000000, 0x0000000100000000)
  eden space 200192K, 100% used [0x00000000eaa80000,0x00000000f6e00000,0x00000000f6e00000)
  from space 67584K, 0% used [0x00000000fbe00000,0x00000000fbe00000,0x0000000100000000)
  to   space 74752K, 0% used [0x00000000f6e00000,0x00000000f6e00000,0x00000000fb700000)
 ParOldGen       total 133632K, used 133010K [0x00000000c0000000, 0x00000000c8280000, 0x00000000eaa80000)
  object space 133632K, 99% used [0x00000000c0000000,0x00000000c81e4b10,0x00000000c8280000)
 PSPermGen       total 138240K, used 104285K [0x00000000b0000000, 0x00000000b8700000, 0x00000000c0000000)
  object space 138240K, 75% used [0x00000000b0000000,0x00000000b65d7780,0x00000000b8700000)

Deoptimization events (10 events):
Event: 2265.039 Thread 0x00007f8718010000 Uncommon trap: reason=class_check action=maybe_recompile pc=0x00007f8760b064c4 method=java.util.AbstractList$Itr.hasNext()Z @ 8
Event: 2265.039 Thread 0x00007f8718010000 Uncommon trap: reason=class_check action=maybe_recompile pc=0x00007f8760b23f38 method=java.util.AbstractList$Itr.next()Ljava/lang/Object; @ 14
Event: 2265.105 Thread 0x00007f8718010000 Uncommon trap: reason=class_check action=maybe_recompile pc=0x00007f8760b064c4 method=java.util.AbstractList$Itr.hasNext()Z @ 8
Event: 2265.105 Thread 0x00007f8718010000 Uncommon trap: reason=class_check action=maybe_recompile pc=0x00007f8760b23f38 method=java.util.AbstractList$Itr.next()Ljava/lang/Object; @ 14
Event: 2538.134 Thread 0x00007f8718010000 Uncommon trap: reason=array_check action=maybe_recompile pc=0x00007f8760e8e714 method=java.util.TimSort.mergeHi(IIII)V @ 91
Event: 2538.203 Thread 0x00007f8718010000 Uncommon trap: reason=array_check action=maybe_recompile pc=0x00007f8760e8e714 method=java.util.TimSort.mergeHi(IIII)V @ 91
Event: 2538.481 Thread 0x00007f8718010000 Uncommon trap: reason=array_check action=maybe_recompile pc=0x00007f8760e8e714 method=java.util.TimSort.mergeHi(IIII)V @ 91
Event: 2538.633 Thread 0x00007f8718010000 Uncommon trap: reason=array_check action=maybe_recompile pc=0x00007f8760e8e714 method=java.util.TimSort.mergeHi(IIII)V @ 91
Event: 2791.641 Thread 0x00007f871800c000 Uncommon trap: reason=null_check action=make_not_entrant pc=0x00007f8760ea81a8 method=com.google.common.reflect.TypeResolver$TypeMappingIntrospector.visitClass(Ljava/lang/Class;)V @ 11
Event: 2876.439 Thread 0x00007f8718010800 Uncommon trap: reason=null_check action=make_not_entrant pc=0x00007f8760edae80 method=groovy.lang.MetaClassImpl.distanceToObject(Ljava/lang/Class;)I @ 7

Internal exceptions (10 events):
Event: 2879.405 Thread 0x00007f8718010800 Threw 0x00000000f6a7c618 at /build/buildd/openjdk-7-7u75-2.5.4/build/openjdk/hotspot/src/share/vm/prims/jvm.cpp:1284
Event: 2879.405 Thread 0x00007f8718010800 Threw 0x00000000f6a7e530 at /build/buildd/openjdk-7-7u75-2.5.4/build/openjdk/hotspot/src/share/vm/prims/jvm.cpp:1284
Event: 2879.405 Thread 0x00007f8718010800 Threw 0x00000000f6a7f378 at /build/buildd/openjdk-7-7u75-2.5.4/build/openjdk/hotspot/src/share/vm/prims/jvm.cpp:1284
Event: 2879.406 Thread 0x00007f8718010800 Threw 0x00000000f6a867d8 at /build/buildd/openjdk-7-7u75-2.5.4/build/openjdk/hotspot/src/share/vm/prims/jvm.cpp:1284
Event: 2879.406 Thread 0x00007f8718010800 Threw 0x00000000f6a86cc0 at /build/buildd/openjdk-7-7u75-2.5.4/build/openjdk/hotspot/src/share/vm/classfile/systemDictionary.cpp:185
Event: 2879.406 Thread 0x00007f8718010800 Threw 0x00000000f6a8c720 at /build/buildd/openjdk-7-7u75-2.5.4/build/openjdk/hotspot/src/share/vm/prims/jvm.cpp:1284
Event: 2879.406 Thread 0x00007f8718010800 Threw 0x00000000f6a8e6a8 at /build/buildd/openjdk-7-7u75-2.5.4/build/openjdk/hotspot/src/share/vm/prims/jvm.cpp:1284
Event: 2879.407 Thread 0x00007f8718010800 Threw 0x00000000f6a8f508 at /build/buildd/openjdk-7-7u75-2.5.4/build/openjdk/hotspot/src/share/vm/prims/jvm.cpp:1284
Event: 2879.407 Thread 0x00007f8718010800 Threw 0x00000000f6a96af8 at /build/buildd/openjdk-7-7u75-2.5.4/build/openjdk/hotspot/src/share/vm/prims/jvm.cpp:1284
Event: 2879.407 Thread 0x00007f8718010800 Threw 0x00000000f6a96fe8 at /build/buildd/openjdk-7-7u75-2.5.4/build/openjdk/hotspot/src/share/vm/classfile/systemDictionary.cpp:185

Events (10 events):
Event: 2879.404 loading class 0x00007f86e4e6e2a0 done
Event: 2879.405 loading class 0x00007f86e4981980
Event: 2879.405 loading class 0x00007f86e4981980 done
Event: 2879.406 loading class 0x00007f86e4981980
Event: 2879.406 loading class 0x00007f86e4981980 done
Event: 2879.406 loading class 0x00007f86e4d052f0
Event: 2879.406 loading class 0x00007f86e4d052f0 done
Event: 2879.407 loading class 0x00007f86e4d052f0
Event: 2879.407 loading class 0x00007f86e4d052f0 done
Event: 2879.507 Executing VM operation: ParallelGCFailedAllocation


Dynamic libraries:
00400000-00401000 r-xp 00000000 08:02 23570                              /usr/lib/jvm/java-7-openjdk-amd64/jre/bin/java
00600000-00601000 r--p 00000000 08:02 23570                              /usr/lib/jvm/java-7-openjdk-amd64/jre/bin/java
00601000-00602000 rw-p 00001000 08:02 23570                              /usr/lib/jvm/java-7-openjdk-amd64/jre/bin/java
01fd5000-01ff6000 rw-p 00000000 00:00 0                                  [heap]
b0000000-b8700000 rw-p 00000000 00:00 0 
b8700000-c0000000 rw-p 00000000 00:00 0 
c0000000-c8280000 rw-p 00000000 00:00 0 
cc700000-eaa80000 rw-p 00000000 00:00 0 
eaa80000-100000000 rw-p 00000000 00:00 0 
7f86d8000000-7f86d8021000 rw-p 00000000 00:00 0 
7f86d8021000-7f86dc000000 ---p 00000000 00:00 0 
7f86e0000000-7f86e0021000 rw-p 00000000 00:00 0 
7f86e0021000-7f86e4000000 ---p 00000000 00:00 0 
7f86e4000000-7f86e5183000 rw-p 00000000 00:00 0 
7f86e5183000-7f86e8000000 ---p 00000000 00:00 0 
7f86e8000000-7f86e8021000 rw-p 00000000 00:00 0 
7f86e8021000-7f86ec000000 ---p 00000000 00:00 0 
7f86ec000000-7f86ec021000 rw-p 00000000 00:00 0 
7f86ec021000-7f86f0000000 ---p 00000000 00:00 0 
7f86f0000000-7f86f0021000 rw-p 00000000 00:00 0 
7f86f0021000-7f86f4000000 ---p 00000000 00:00 0 
7f86f4000000-7f86f4021000 rw-p 00000000 00:00 0 
7f86f4021000-7f86f8000000 ---p 00000000 00:00 0 
7f86f8000000-7f86f8021000 rw-p 00000000 00:00 0 
7f86f8021000-7f86fc000000 ---p 00000000 00:00 0 
7f86fc000000-7f86fc021000 rw-p 00000000 00:00 0 
7f86fc021000-7f8700000000 ---p 00000000 00:00 0 
7f8700000000-7f8700021000 rw-p 00000000 00:00 0 
7f8700021000-7f8704000000 ---p 00000000 00:00 0 
7f8704000000-7f8704021000 rw-p 00000000 00:00 0 
7f8704021000-7f8708000000 ---p 00000000 00:00 0 
7f8708000000-7f8708021000 rw-p 00000000 00:00 0 
7f8708021000-7f870c000000 ---p 00000000 00:00 0 
7f870c000000-7f870c021000 rw-p 00000000 00:00 0 
7f870c021000-7f8710000000 ---p 00000000 00:00 0 
7f8710000000-7f8710021000 rw-p 00000000 00:00 0 
7f8710021000-7f8714000000 ---p 00000000 00:00 0 
7f8714000000-7f8714e63000 rw-p 00000000 00:00 0 
7f8714e63000-7f8718000000 ---p 00000000 00:00 0 
7f8718000000-7f8718021000 rw-p 00000000 00:00 0 
7f8718021000-7f871c000000 ---p 00000000 00:00 0 
7f871c000000-7f871c02b000 rw-p 00000000 00:00 0 
7f871c02b000-7f8720000000 ---p 00000000 00:00 0 
7f8720000000-7f8720021000 rw-p 00000000 00:00 0 
7f8720021000-7f8724000000 ---p 00000000 00:00 0 
7f8724000000-7f872402e000 rw-p 00000000 00:00 0 
7f872402e000-7f8728000000 ---p 00000000 00:00 0 
7f8728000000-7f8729813000 rw-p 00000000 00:00 0 
7f8729813000-7f872c000000 ---p 00000000 00:00 0 
7f872c000000-7f872c021000 rw-p 00000000 00:00 0 
7f872c021000-7f8730000000 ---p 00000000 00:00 0 
7f8730000000-7f8730021000 rw-p 00000000 00:00 0 
7f8730021000-7f8734000000 ---p 00000000 00:00 0 
7f8734000000-7f87358e2000 rw-p 00000000 00:00 0 
7f87358e2000-7f8738000000 ---p 00000000 00:00 0 
7f8738000000-7f8738021000 rw-p 00000000 00:00 0 
7f8738021000-7f873c000000 ---p 00000000 00:00 0 
7f873c000000-7f873c021000 rw-p 00000000 00:00 0 
7f873c021000-7f8740000000 ---p 00000000 00:00 0 
7f8740000000-7f874006e000 rw-p 00000000 00:00 0 
7f874006e000-7f8744000000 ---p 00000000 00:00 0 
7f8744000000-7f8744263000 rw-p 00000000 00:00 0 
7f8744263000-7f8748000000 ---p 00000000 00:00 0 
7f8748000000-7f8748055000 rw-p 00000000 00:00 0 
7f8748055000-7f874c000000 ---p 00000000 00:00 0 
7f874f3a1000-7f874f3a4000 ---p 00000000 00:00 0 
7f874f3a4000-7f874f3da000 rw-p 00000000 00:00 0 
7f874f3da000-7f874f3dd000 ---p 00000000 00:00 0 
7f874f3dd000-7f874f4db000 rw-p 00000000 00:00 0 
7f874f4db000-7f874f4de000 ---p 00000000 00:00 0 
7f874f4de000-7f874f5dc000 rw-p 00000000 00:00 0 
7f874f6be000-7f874f6c1000 ---p 00000000 00:00 0 
7f874f6c1000-7f874f7bf000 rw-p 00000000 00:00 0 
7f874f7bf000-7f874f7c2000 ---p 00000000 00:00 0 
7f874f7c2000-7f874f8c0000 rw-p 00000000 00:00 0 
7f874f8c0000-7f874f8c3000 ---p 00000000 00:00 0 
7f874f8c3000-7f874f8f9000 rw-p 00000000 00:00 0 
7f874f8f9000-7f874f8fc000 ---p 00000000 00:00 0 
7f874f8fc000-7f874f9fa000 rw-p 00000000 00:00 0 
7f874f9fa000-7f874f9fd000 ---p 00000000 00:00 0 
7f874f9fd000-7f874fafb000 rw-p 00000000 00:00 0 
7f874fafb000-7f874fafe000 ---p 00000000 00:00 0 
7f874fafe000-7f874fbfc000 rw-p 00000000 00:00 0 
7f874fbfc000-7f874fbff000 ---p 00000000 00:00 0 
7f874fbff000-7f874fcfd000 rw-p 00000000 00:00 0 
7f874fcfd000-7f874fd00000 ---p 00000000 00:00 0 
7f874fd00000-7f874fdfe000 rw-p 00000000 00:00 0 
7f874fdfe000-7f874fe01000 ---p 00000000 00:00 0 
7f874fe01000-7f874feff000 rw-p 00000000 00:00 0 
7f874feff000-7f874ff02000 ---p 00000000 00:00 0 
7f874ff02000-7f8750000000 rw-p 00000000 00:00 0 
7f8750000000-7f875009c000 rw-p 00000000 00:00 0 
7f875009c000-7f8754000000 ---p 00000000 00:00 0 
7f8754024000-7f8754025000 rw-p 00000000 00:00 0 
7f8754025000-7f8754028000 ---p 00000000 00:00 0 
7f8754028000-7f875405e000 rw-p 00000000 00:00 0 
7f875405e000-7f8754061000 ---p 00000000 00:00 0 
7f8754061000-7f8754097000 rw-p 00000000 00:00 0 
7f8754097000-7f875409a000 ---p 00000000 00:00 0 
7f875409a000-7f8754198000 rw-p 00000000 00:00 0 
7f8754198000-7f875419b000 ---p 00000000 00:00 0 
7f875419b000-7f8754299000 rw-p 00000000 00:00 0 
7f8754299000-7f875429c000 ---p 00000000 00:00 0 
7f875429c000-7f875439a000 rw-p 00000000 00:00 0 
7f875439a000-7f875439c000 r--s 0000d000 08:03 3802260                    /home/adrian/Development/Android/android-studio/gradle/m2repository/commons-codec/commons-codec/1.4/commons-codec-1.4.jar
7f875439c000-7f875439e000 r--s 0000d000 08:03 3802264                    /home/adrian/Development/Android/android-studio/gradle/m2repository/commons-logging/commons-logging/1.1.1/commons-logging-1.1.1.jar
7f875439e000-7f87543a3000 r--s 00028000 08:03 3802299                    /home/adrian/Development/Android/android-studio/gradle/m2repository/org/apache/httpcomponents/httpcore/4.1/httpcore-4.1.jar
7f87543a3000-7f87543a5000 r--s 00004000 08:03 3802325                    /home/adrian/Development/Android/android-studio/gradle/m2repository/org/ow2/asm/asm-tree/4.0/asm-tree-4.0.jar
7f87543a5000-7f87543ae000 r--s 000a7000 08:03 3802229                    /home/adrian/Development/Android/android-studio/gradle/m2repository/com/android/tools/external/lombok/lombok-ast/0.2.2/lombok-ast-0.2.2.jar
7f87543ae000-7f87543b0000 r--s 0000a000 08:03 3802329                    /home/adrian/Development/Android/android-studio/gradle/m2repository/org/ow2/asm/asm/4.0/asm-4.0.jar
7f87543b0000-7f87543b1000 r--s 0000a000 08:03 3802268                    /home/adrian/Development/Android/android-studio/gradle/m2repository/net/sf/kxml/kxml2/2.3.0/kxml2-2.3.0.jar
7f87543b1000-7f87543dc000 r--s 001f9000 08:03 3802252                    /home/adrian/Development/Android/android-studio/gradle/m2repository/com/google/guava/guava/17.0/guava-17.0.jar
7f87543dc000-7f87543e3000 r--s 00053000 08:03 3802283                    /home/adrian/Development/Android/android-studio/gradle/m2repository/org/apache/commons/commons-compress/1.8.1/commons-compress-1.8.1.jar
7f87543e3000-7f87543e6000 r--s 00011000 08:03 3802232                    /home/adrian/Development/Android/android-studio/gradle/m2repository/com/android/tools/layoutlib/layoutlib-api/24.0.0/layoutlib-api-24.0.0.jar
7f87543e6000-7f87543e8000 r--s 00005000 08:03 3802303                    /home/adrian/Development/Android/android-studio/gradle/m2repository/org/apache/httpcomponents/httpmime/4.1/httpmime-4.1.jar
7f87543e8000-7f87543f0000 r--s 0004e000 08:03 3802292                    /home/adrian/Development/Android/android-studio/gradle/m2repository/org/apache/httpcomponents/httpclient/4.1.1/httpclient-4.1.1.jar
7f87543f0000-7f87543f1000 r--s 00005000 08:03 3802225                    /home/adrian/Development/Android/android-studio/gradle/m2repository/com/android/tools/dvlib/24.0.0/dvlib-24.0.0.jar
7f87543f1000-7f87543f2000 r--s 00004000 08:03 3802320                    /home/adrian/Development/Android/android-studio/gradle/m2repository/org/ow2/asm/asm-analysis/4.0/asm-analysis-4.0.jar
7f87543f2000-7f87543f5000 r--s 00029000 08:03 3802235                    /home/adrian/Development/Android/android-studio/gradle/m2repository/com/android/tools/lint/lint-api/24.0.0/lint-api-24.0.0.jar
7f87543f5000-7f8754405000 r--s 000d3000 08:03 3802272                    /home/adrian/Development/Android/android-studio/gradle/m2repository/net/sf/proguard/proguard-base/5.1/proguard-base-5.1.jar
7f8754405000-7f8754413000 r--s 00081000 08:03 3802308                    /home/adrian/Development/Android/android-studio/gradle/m2repository/org/bouncycastle/bcpkix-jdk15on/1.48/bcpkix-jdk15on-1.48.jar
7f8754413000-7f8754415000 r--s 00003000 08:03 3802204                    /home/adrian/Development/Android/android-studio/gradle/m2repository/com/android/tools/build/builder-model/1.0.0/builder-model-1.0.0.jar
7f8754415000-7f8754418000 r--s 00029000 08:03 3802216                    /home/adrian/Development/Android/android-studio/gradle/m2repository/com/android/tools/build/manifest-merger/24.0.0/manifest-merger-24.0.0.jar
7f8754418000-7f875441d000 r--s 00042000 08:03 3802222                    /home/adrian/Development/Android/android-studio/gradle/m2repository/com/android/tools/ddms/ddmlib/24.0.0/ddmlib-24.0.0.jar
7f875441d000-7f875441e000 r--s 00000000 08:03 3802207                    /home/adrian/Development/Android/android-studio/gradle/m2repository/com/android/tools/build/builder-test-api/1.0.0/builder-test-api-1.0.0.jar
7f875441e000-7f8754420000 r--s 00002000 08:03 3802256                    /home/adrian/Development/Android/android-studio/gradle/m2repository/com/squareup/javawriter/2.5.0/javawriter-2.5.0.jar
7f8754420000-7f8754422000 r--s 00014000 08:03 3802219                    /home/adrian/Development/Android/android-studio/gradle/m2repository/com/android/tools/common/24.0.0/common-24.0.0.jar
7f8754422000-7f875442c000 r--s 000a8000 08:03 3802247                    /home/adrian/Development/Android/android-studio/gradle/m2repository/com/android/tools/sdklib/24.0.0/sdklib-24.0.0.jar
7f875442c000-7f875445f000 r--s 00203000 08:03 3802312                    /home/adrian/Development/Android/android-studio/gradle/m2repository/org/bouncycastle/bcprov-jdk15on/1.48/bcprov-jdk15on-1.48.jar
7f875445f000-7f8754464000 r--s 00047000 08:03 3802244                    /home/adrian/Development/Android/android-studio/gradle/m2repository/com/android/tools/sdk-common/24.0.0/sdk-common-24.0.0.jar
7f8754464000-7f8754469000 r--s 0008c000 08:03 3802238                    /home/adrian/Development/Android/android-studio/gradle/m2repository/com/android/tools/lint/lint-checks/24.0.0/lint-checks-24.0.0.jar
7f8754469000-7f8754478000 r--s 001a9000 08:03 3802316                    /home/adrian/Development/Android/android-studio/gradle/m2repository/org/eclipse/jdt/core/compiler/ecj/4.2.2/ecj-4.2.2.jar
7f8754478000-7f8754479000 r--s 00002000 08:03 3802276                    /home/adrian/Development/Android/android-studio/gradle/m2repository/net/sf/proguard/proguard-gradle/5.1/proguard-gradle-5.1.jar
7f8754479000-7f875447d000 r--s 00031000 08:03 3802210                    /home/adrian/Development/Android/android-studio/gradle/m2repository/com/android/tools/build/builder/1.0.0/builder-1.0.0.jar
7f875447d000-7f875447f000 r--s 00018000 08:03 3802241                    /home/adrian/Development/Android/android-studio/gradle/m2repository/com/android/tools/lint/lint/24.0.0/lint-24.0.0.jar
7f875447f000-7f875448f000 r--s 00138000 08:03 3802213                    /home/adrian/Development/Android/android-studio/gradle/m2repository/com/android/tools/build/gradle/1.0.0/gradle-1.0.0.jar
7f875448f000-7f8754498000 r--s 000b9000 08:02 23514                      /usr/lib/jvm/java-7-openjdk-amd64/jre/lib/resources.jar
7f8754498000-7f875449b000 ---p 00000000 00:00 0 
7f875449b000-7f8754599000 rw-p 00000000 00:00 0                          [stack:8636]
7f8754599000-7f875459c000 ---p 00000000 00:00 0 
7f875459c000-7f87545d2000 rw-p 00000000 00:00 0 
7f87545d2000-7f87545d3000 r--p 00000000 00:00 0 
7f87545d3000-7f875463d000 r--s 0069e000 08:02 76229                      /usr/lib/jvm/java-7-openjdk-amd64/lib/tools.jar
7f875463d000-7f8754640000 ---p 00000000 00:00 0 
7f8754640000-7f875473e000 rw-p 00000000 00:00 0                          [stack:12141]
7f875473e000-7f8754745000 r--s 00000000 08:02 319503                     /usr/lib/x86_64-linux-gnu/gconv/gconv-modules.cache
7f8754745000-7f8754748000 ---p 00000000 00:00 0 
7f8754748000-7f8754846000 rw-p 00000000 00:00 0                          [stack:12138]
7f8754846000-7f8754849000 ---p 00000000 00:00 0 
7f8754849000-7f8754947000 rw-p 00000000 00:00 0                          [stack:12137]
7f8754947000-7f875494a000 ---p 00000000 00:00 0 
7f875494a000-7f8754a48000 rw-p 00000000 00:00 0                          [stack:12136]
7f8754a48000-7f8754a4b000 ---p 00000000 00:00 0 
7f8754a4b000-7f8754b49000 rw-p 00000000 00:00 0                          [stack:12135]
7f8754b49000-7f8754b4c000 ---p 00000000 00:00 0 
7f8754b4c000-7f8754c4a000 rw-p 00000000 00:00 0                          [stack:8569]
7f8754c4a000-7f8754c4e000 r-xp 00000000 08:02 331456                     /tmp/native-platform1690958201565862324dir/libnative-platform.so
7f8754c4e000-7f8754e4d000 ---p 00004000 08:02 331456                     /tmp/native-platform1690958201565862324dir/libnative-platform.so
7f8754e4d000-7f8754e4e000 rw-p 00003000 08:02 331456                     /tmp/native-platform1690958201565862324dir/libnative-platform.so
7f8754e4e000-7f8754e52000 r--s 0004d000 08:02 23528                      /usr/lib/jvm/java-7-openjdk-amd64/jre/lib/jsse.jar
7f8754e52000-7f8754e53000 r--s 00001000 08:03 3802128                    /home/adrian/Development/Android/android-studio/gradle/gradle-2.2.1/lib/plugins/gradle-plugin-development-2.2.1.jar
7f8754e53000-7f8754e55000 r--s 00002000 08:03 3802109                    /home/adrian/Development/Android/android-studio/gradle/gradle-2.2.1/lib/plugins/gradle-cunit-2.2.1.jar
7f8754e55000-7f8754e5a000 r--s 00036000 08:03 3802114                    /home/adrian/Development/Android/android-studio/gradle/gradle-2.2.1/lib/plugins/gradle-ide-native-2.2.1.jar
7f8754e5a000-7f8754e5f000 r--s 00013000 08:03 3802122                    /home/adrian/Development/Android/android-studio/gradle/gradle-2.2.1/lib/plugins/gradle-language-native-2.2.1.jar
7f8754e5f000-7f8754e6a000 r--s 0004d000 08:03 3802127                    /home/adrian/Development/Android/android-studio/gradle/gradle-2.2.1/lib/plugins/gradle-platform-native-2.2.1.jar
7f8754e6a000-7f8754e6c000 r--s 00008000 08:03 3802119                    /home/adrian/Development/Android/android-studio/gradle/gradle-2.2.1/lib/plugins/gradle-language-groovy-2.2.1.jar
7f8754e6c000-7f8754e71000 r--s 00022000 08:03 3802120                    /home/adrian/Development/Android/android-studio/gradle/gradle-2.2.1/lib/plugins/gradle-language-java-2.2.1.jar
7f8754e71000-7f8754e74000 r--s 00007000 08:03 3802121                    /home/adrian/Development/Android/android-studio/gradle/gradle-2.2.1/lib/plugins/gradle-language-jvm-2.2.1.jar
7f8754e74000-7f8754e77000 r--s 00009000 08:03 3802126                    /home/adrian/Development/Android/android-studio/gradle/gradle-2.2.1/lib/plugins/gradle-platform-jvm-2.2.1.jar
7f8754e77000-7f8754e7c000 r--s 00018000 08:03 3802125                    /home/adrian/Development/Android/android-studio/gradle/gradle-2.2.1/lib/plugins/gradle-platform-base-2.2.1.jar
7f8754e7c000-7f8754e81000 r--s 00026000 08:03 3802107                    /home/adrian/Development/Android/android-studio/gradle/gradle-2.2.1/lib/plugins/gradle-build-init-2.2.1.jar
7f8754e81000-7f8754e84000 r--s 0001d000 08:03 3802116                    /home/adrian/Development/Android/android-studio/gradle/gradle-2.2.1/lib/plugins/gradle-jacoco-2.2.1.jar
7f8754e84000-7f8754e87000 r--s 0000d000 08:03 3802115                    /home/adrian/Development/Android/android-studio/gradle/gradle-2.2.1/lib/plugins/gradle-ivy-2.2.1.jar
7f8754e87000-7f8754e89000 r--s 00002000 08:03 3802131                    /home/adrian/Development/Android/android-studio/gradle/gradle-2.2.1/lib/plugins/gradle-publish-2.2.1.jar
7f8754e89000-7f8754e8b000 r--s 00005000 08:03 3802167                    /home/adrian/Development/Android/android-studio/gradle/gradle-2.2.1/lib/plugins/jatl-0.2.2.jar
7f8754e8b000-7f8754e8d000 r--s 0000f000 08:03 3802132                    /home/adrian/Development/Android/android-studio/gradle/gradle-2.2.1/lib/plugins/gradle-reporting-2.2.1.jar
7f8754e8d000-7f8754e92000 r--s 00034000 08:03 3802111                    /home/adrian/Development/Android/android-studio/gradle/gradle-2.2.1/lib/plugins/gradle-diagnostics-2.2.1.jar
7f8754e92000-7f8754e99000 r--s 00090000 08:03 3802106                    /home/adrian/Development/Android/android-studio/gradle/gradle-2.2.1/lib/plugins/gradle-build-comparison-2.2.1.jar
7f8754e99000-7f8754ea0000 r--s 00035000 08:03 3802186                    /home/adrian/Development/Android/android-studio/gradle/gradle-2.2.1/lib/plugins/simple-4.1.21.jar
7f8754ea0000-7f8754eac000 r--s 00100000 08:03 3802184                    /home/adrian/Development/Android/android-studio/gradle/gradle-2.2.1/lib/plugins/rhino-1.7R3.jar
7f8754eac000-7f8754eb1000 r--s 0001f000 08:03 3802117                    /home/adrian/Development/Android/android-studio/gradle/gradle-2.2.1/lib/plugins/gradle-javascript-2.2.1.jar
7f8754eb1000-7f8754eb3000 r--s 0000e000 08:03 3802112                    /home/adrian/Development/Android/android-studio/gradle/gradle-2.2.1/lib/plugins/gradle-ear-2.2.1.jar
7f8754eb3000-7f8754eb7000 r--s 00025000 08:03 3802096                    /home/adrian/Development/Android/android-studio/gradle/gradle-2.2.1/lib/plugins/bcpg-jdk15-1.46.jar
7f8754eb7000-7f8754eba000 r--s 0001d000 08:03 3802135                    /home/adrian/Development/Android/android-studio/gradle/gradle-2.2.1/lib/plugins/gradle-signing-2.2.1.jar
7f8754eba000-7f8754ebb000 r--s 00002000 08:03 3802188                    /home/adrian/Development/Android/android-studio/gradle/gradle-2.2.1/lib/plugins/sonar-batch-bootstrapper-2.9.jar
7f8754ebb000-7f8754ebe000 r--s 00018000 08:03 3802136                    /home/adrian/Development/Android/android-studio/gradle/gradle-2.2.1/lib/plugins/gradle-sonar-2.2.1.jar
7f8754ebe000-7f8754ec1000 r--s 00017000 08:03 3802134                    /home/adrian/Development/Android/android-studio/gradle/gradle-2.2.1/lib/plugins/gradle-scala-2.2.1.jar
7f8754ec1000-7f8754ec3000 r--s 0000e000 08:03 3802104                    /home/adrian/Development/Android/android-studio/gradle/gradle-2.2.1/lib/plugins/gradle-announce-2.2.1.jar
7f8754ec3000-7f8754ed1000 r--s 000bc000 08:03 3802113                    /home/adrian/Development/Android/android-studio/gradle/gradle-2.2.1/lib/plugins/gradle-ide-2.2.1.jar
7f8754ed1000-7f8754ed3000 r--s 00000000 08:03 3802181                    /home/adrian/Development/Android/android-studio/gradle/gradle-2.2.1/lib/plugins/plexus-component-annotations-1.5.2.jar
7f8754ed3000-7f8754ed6000 r--s 0000c000 08:03 3802183                    /home/adrian/Development/Android/android-studio/gradle/gradle-2.2.1/lib/plugins/pmaven-groovy-0.8-20100325.jar
7f8754ed6000-7f8754ed7000 r--s 00004000 08:03 3802182                    /home/adrian/Development/Android/android-studio/gradle/gradle-2.2.1/lib/plugins/pmaven-common-0.8-20100325.jar
7f8754ed7000-7f8754edb000 r--s 0001e000 08:03 3802123                    /home/adrian/Development/Android/android-studio/gradle/gradle-2.2.1/lib/plugins/gradle-maven-2.2.1.jar
7f8754edb000-7f8754ef3000 r--s 0013b000 08:03 3802098                    /home/adrian/Development/Android/android-studio/gradle/gradle-2.2.1/lib/plugins/bndlib-2.1.0.jar
7f8754ef3000-7f8754ef5000 r--s 00004000 08:03 3802124                    /home/adrian/Development/Android/android-studio/gradle/gradle-2.2.1/lib/plugins/gradle-osgi-2.2.1.jar
7f8754ef5000-7f8754efa000 r--s 00068000 08:03 3802094                    /home/adrian/Development/Android/android-studio/gradle/gradle-2.2.1/lib/plugins/antlr-2.7.7.jar
7f8754efa000-7f8754efb000 r--s 00002000 08:03 3802093                    /home/adrian/Development/Android/android-studio/gradle/gradle-2.2.1/lib/plugins/ant-antlr-1.9.3.jar
7f8754efb000-7f8754efd000 r--s 00004000 08:03 3802105                    /home/adrian/Development/Android/android-studio/gradle/gradle-2.2.1/lib/plugins/gradle-antlr-2.2.1.jar
7f8754efd000-7f8754f00000 r--s 0001e000 08:03 3802177                    /home/adrian/Development/Android/android-studio/gradle/gradle-2.2.1/lib/plugins/jsp-api-2.1-6.1.14.jar
7f8754f00000-7f8754f23000 r--s 00344000 08:03 3802102                    /home/adrian/Development/Android/android-studio/gradle/gradle-2.2.1/lib/plugins/core-3.1.1.jar
7f8754f23000-7f8754f24000 r--s 00006000 08:03 3802172                    /home/adrian/Development/Android/android-studio/gradle/gradle-2.2.1/lib/plugins/jetty-naming-6.1.25.jar
7f8754f24000-7f8754f25000 r--s 00002000 08:03 3802103                    /home/adrian/Development/Android/android-studio/gradle/gradle-2.2.1/lib/plugins/geronimo-annotation_1.0_spec-1.0.jar
7f8754f25000-7f8754f27000 r--s 00002000 08:03 3802171                    /home/adrian/Development/Android/android-studio/gradle/gradle-2.2.1/lib/plugins/jetty-annotations-6.1.25.jar
7f8754f27000-7f8754f38000 r--s 000ea000 08:03 3802176                    /home/adrian/Development/Android/android-studio/gradle/gradle-2.2.1/lib/plugins/jsp-2.1-6.1.14.jar
7f8754f38000-7f8754f3a000 r--s 0000d000 08:03 3802173                    /home/adrian/Development/Android/android-studio/gradle/gradle-2.2.1/lib/plugins/jetty-plus-6.1.25.jar
7f8754f3a000-7f8754f3c000 r--s 0001f000 08:03 3802185                    /home/adrian/Development/Android/android-studio/gradle/gradle-2.2.1/lib/plugins/servlet-api-2.5-20081211.jar
7f8754f3c000-7f8754f40000 r--s 00028000 08:03 3802174                    /home/adrian/Development/Android/android-studio/gradle/gradle-2.2.1/lib/plugins/jetty-util-6.1.25.jar
7f8754f40000-7f8754f47000 r--s 0007d000 08:03 3802170                    /home/adrian/Development/Android/android-studio/gradle/gradle-2.2.1/lib/plugins/jetty-6.1.25.jar
7f8754f47000-7f8754f49000 r--s 00009000 08:03 3802118                    /home/adrian/Development/Android/android-studio/gradle/gradle-2.2.1/lib/plugins/gradle-jetty-2.2.1.jar
7f8754f49000-7f8754f4e000 r--s 00041000 08:03 3802108                    /home/adrian/Development/Android/android-studio/gradle/gradle-2.2.1/lib/plugins/gradle-code-quality-2.2.1.jar
7f8754f4e000-7f8754f50000 r--s 00009000 08:03 3802138                    /home/adrian/Development/Android/android-studio/gradle/gradle-2.2.1/lib/plugins/hamcrest-core-1.3.jar
7f8754f50000-7f8754f56000 r--s 00033000 08:03 3802187                    /home/adrian/Development/Android/android-studio/gradle/gradle-2.2.1/lib/plugins/snakeyaml-1.6.jar
7f8754f56000-7f8754f58000 r--s 00006000 08:03 3802169                    /home/adrian/Development/Android/android-studio/gradle/gradle-2.2.1/lib/plugins/jcommander-1.12.jar
7f8754f58000-7f8754f5d000 r--s 00040000 08:03 3802099                    /home/adrian/Development/Android/android-studio/gradle/gradle-2.2.1/lib/plugins/bsh-2.0b4.jar
7f8754f5d000-7f8754f5f000 r--s 00009000 08:03 3802100                    /home/adrian/Development/Android/android-studio/gradle/gradle-2.2.1/lib/plugins/commons-cli-1.2.jar
7f8754f5f000-7f8754f68000 r--s 00089000 08:03 3802189                    /home/adrian/Development/Android/android-studio/gradle/gradle-2.2.1/lib/plugins/testng-6.3.1.jar
7f8754f68000-7f8754f6e000 r--s 00036000 08:03 3802178                    /home/adrian/Development/Android/android-studio/gradle/gradle-2.2.1/lib/plugins/junit-4.11.jar
7f8754f6e000-7f8754f7a000 r--s 00075000 08:03 3802130                    /home/adrian/Development/Android/android-studio/gradle/gradle-2.2.1/lib/plugins/gradle-plugins-2.2.1.jar
7f8754f7a000-7f8754f7d000 r--s 00011000 08:03 3802129                    /home/adrian/Development/Android/android-studio/gradle/gradle-2.2.1/lib/plugins/gradle-plugin-use-2.2.1.jar
7f8754f7d000-7f8754f95000 r--s 00115000 08:03 3802191                    /home/adrian/Development/Android/android-studio/gradle/gradle-2.2.1/lib/plugins/xercesImpl-2.9.1.jar
7f8754f95000-7f8754f9d000 r--s 00028000 08:03 3802192                    /home/adrian/Development/Android/android-studio/gradle/gradle-2.2.1/lib/plugins/xml-apis-1.3.04.jar
7f8754f9d000-7f8754fa3000 r--s 0005b000 08:03 3802168                    /home/adrian/Development/Android/android-studio/gradle/gradle-2.2.1/lib/plugins/jcifs-1.3.17.jar
7f8754fa3000-7f8754fa9000 r--s 00031000 08:03 3802140                    /home/adrian/Development/Android/android-studio/gradle/gradle-2.2.1/lib/plugins/httpcore-4.2.2.jar
7f8754fa9000-7f8754faf000 r--s 00033000 08:03 3802101                    /home/adrian/Development/Android/android-studio/gradle/gradle-2.2.1/lib/plugins/commons-codec-1.6.jar
7f8754faf000-7f8754fb2000 r--s 0001c000 08:03 3802180                    /home/adrian/Development/Android/android-studio/gradle/gradle-2.2.1/lib/plugins/nekohtml-1.9.14.jar
7f8754fb2000-7f8754fbb000 r--s 00060000 08:03 3802139                    /home/adrian/Development/Android/android-studio/gradle/gradle-2.2.1/lib/plugins/httpclient-4.2.2.jar
7f8754fbb000-7f8754fbd000 r--s 00007000 08:03 3802133                    /home/adrian/Development/Android/android-studio/gradle/gradle-2.2.1/lib/plugins/gradle-resources-http-2.2.1.jar
7f8754fbd000-7f8754fe5000 r--s 00194000 08:03 3802097                    /home/adrian/Development/Android/android-studio/gradle/gradle-2.2.1/lib/plugins/bcprov-jdk15-1.46.jar
7f8754fe5000-7f8754fe9000 r--s 0001d000 08:03 3802190                    /home/adrian/Development/Android/android-studio/gradle/gradle-2.2.1/lib/plugins/xbean-reflect-3.4.jar
7f8754fe9000-7f8754fee000 r--s 0002a000 08:03 3802137                    /home/adrian/Development/Android/android-studio/gradle/gradle-2.2.1/lib/plugins/gson-2.2.4.jar
7f8754fee000-7f8754ff2000 r--s 0003d000 08:03 3802175                    /home/adrian/Development/Android/android-studio/gradle/gradle-2.2.1/lib/plugins/jsch-0.1.51.jar
7f8754ff2000-7f875500b000 r--s 00129000 08:03 3802179                    /home/adrian/Development/Android/android-studio/gradle/gradle-2.2.1/lib/plugins/maven-ant-tasks-2.1.3.jar
7f875500b000-7f875501a000 r--s 000d9000 08:03 3802141                    /home/adrian/Development/Android/android-studio/gradle/gradle-2.2.1/lib/plugins/ivy-2.2.0.jar
7f875501a000-7f875501e000 r--s 0001e000 08:03 3802144                    /home/adrian/Development/Android/android-studio/gradle/gradle-2.2.1/lib/plugins/jarjar-aether-impl-1.13.1.jar
7f875501e000-7f8755021000 r--s 00027000 08:03 3802151                    /home/adrian/Development/Android/android-studio/gradle/gradle-2.2.1/lib/plugins/jarjar-maven-model-3.0.4.jar
7f8755021000-7f8755024000 r--s 0000b000 08:03 3802148                    /home/adrian/Development/Android/android-studio/gradle/gradle-2.2.1/lib/plugins/jarjar-maven-artifact-3.0.4.jar
7f8755024000-7f8755028000 r--s 0001e000 08:03 3802146                    /home/adrian/Development/Android/android-studio/gradle/gradle-2.2.1/lib/plugins/jarjar-aether-util-1.13.1.jar
7f8755028000-7f875502a000 r--s 00007000 08:03 3802165                    /home/adrian/Development/Android/android-studio/gradle/gradle-2.2.1/lib/plugins/jarjar-wagon-http-shared4-2.4.jar
7f875502a000-7f8755037000 r--s 00083000 08:03 3802150                    /home/adrian/Development/Android/android-studio/gradle/gradle-2.2.1/lib/plugins/jarjar-maven-core-3.0.4.jar
7f8755037000-7f8755039000 r--s 00003000 08:03 3802145                    /home/adrian/Development/Android/android-studio/gradle/gradle-2.2.1/lib/plugins/jarjar-aether-spi-1.13.1.jar
7f8755039000-7f875503b000 r--s 00009000 08:03 3802156                    /home/adrian/Development/Android/android-studio/gradle/gradle-2.2.1/lib/plugins/jarjar-maven-settings-builder-3.0.4.jar
7f875503b000-7f875503f000 r--s 00014000 08:03 3802142                    /home/adrian/Development/Android/android-studio/gradle/gradle-2.2.1/lib/plugins/jarjar-aether-api-1.13.1.jar
7f875503f000-7f8755040000 r--s 00002000 08:03 3802164                    /home/adrian/Development/Android/android-studio/gradle/gradle-2.2.1/lib/plugins/jarjar-wagon-http-2.4.jar
7f8755040000-7f8755047000 r--s 00042000 08:03 3802149                    /home/adrian/Development/Android/android-studio/gradle/gradle-2.2.1/lib/plugins/jarjar-maven-compat-3.0.4.jar
7f8755047000-7f8755049000 r--s 00006000 08:03 3802143                    /home/adrian/Development/Android/android-studio/gradle/gradle-2.2.1/lib/plugins/jarjar-aether-connector-wagon-1.13.1.jar
7f8755049000-7f875504b000 r--s 00000000 08:03 3802159                    /home/adrian/Development/Android/android-studio/gradle/gradle-2.2.1/lib/plugins/jarjar-plexus-component-annotations-1.5.5.jar
7f875504b000-7f875504d000 r--s 00006000 08:03 3802162                    /home/adrian/Development/Android/android-studio/gradle/gradle-2.2.1/lib/plugins/jarjar-plexus-sec-dispatcher-1.3.jar
7f875504d000-7f8755052000 r--s 00022000 08:03 3802152                    /home/adrian/Development/Android/android-studio/gradle/gradle-2.2.1/lib/plugins/jarjar-maven-model-builder-3.0.4.jar
7f8755052000-7f8755054000 r--s 0000b000 08:03 3802153                    /home/adrian/Development/Android/android-studio/gradle/gradle-2.2.1/lib/plugins/jarjar-maven-plugin-api-3.0.4.jar
7f8755054000-7f8755057000 r--s 0000a000 08:03 3802158                    /home/adrian/Development/Android/android-studio/gradle/gradle-2.2.1/lib/plugins/jarjar-plexus-classworlds-2.4.jar
7f8755057000-7f875505b000 r--s 00035000 08:03 3802163                    /home/adrian/Development/Android/android-studio/gradle/gradle-2.2.1/lib/plugins/jarjar-plexus-utils-2.0.6.jar
7f875505b000-7f875505d000 r--s 0000e000 08:03 3802161                    /home/adrian/Development/Android/android-studio/gradle/gradle-2.2.1/lib/plugins/jarjar-plexus-interpolation-1.14.jar
7f875505d000-7f875505f000 r--s 00002000 08:03 3802157                    /home/adrian/Development/Android/android-studio/gradle/gradle-2.2.1/lib/plugins/jarjar-plexus-cipher-1.7.jar
7f875505f000-7f8755067000 r--s 00031000 08:03 3802160                    /home/adrian/Development/Android/android-studio/gradle/gradle-2.2.1/lib/plugins/jarjar-plexus-container-default-1.5.5.jar
7f8755067000-7f8755077000 r-xp 00000000 08:02 23539                      /usr/lib/jvm/java-7-openjdk-amd64/jre/lib/amd64/libnio.so
7f8755077000-7f8755277000 ---p 00010000 08:02 23539                      /usr/lib/jvm/java-7-openjdk-amd64/jre/lib/amd64/libnio.so
7f8755277000-7f8755278000 r--p 00010000 08:02 23539                      /usr/lib/jvm/java-7-openjdk-amd64/jre/lib/amd64/libnio.so
7f8755278000-7f8755279000 rw-p 00011000 08:02 23539                      /usr/lib/jvm/java-7-openjdk-amd64/jre/lib/amd64/libnio.so
7f8755279000-7f87552b6000 r-xp 00000000 08:02 136312                     /lib/x86_64-linux-gnu/libpcre.so.3.13.1
7f87552b6000-7f87554b5000 ---p 0003d000 08:02 136312                     /lib/x86_64-linux-gnu/libpcre.so.3.13.1
7f87554b5000-7f87554b6000 r--p 0003c000 08:02 136312                     /lib/x86_64-linux-gnu/libpcre.so.3.13.1
7f87554b6000-7f87554b7000 rw-p 0003d000 08:02 136312                     /lib/x86_64-linux-gnu/libpcre.so.3.13.1
7f87554b7000-7f87554be000 r-xp 00000000 08:02 13029                      /usr/lib/x86_64-linux-gnu/libffi.so.6.0.1
7f87554be000-7f87556bd000 ---p 00007000 08:02 13029                      /usr/lib/x86_64-linux-gnu/libffi.so.6.0.1
7f87556bd000-7f87556be000 r--p 00006000 08:02 13029                      /usr/lib/x86_64-linux-gnu/libffi.so.6.0.1
7f87556be000-7f87556bf000 rw-p 00007000 08:02 13029                      /usr/lib/x86_64-linux-gnu/libffi.so.6.0.1
7f87556bf000-7f87556d6000 r-xp 00000000 08:02 166929                     /lib/x86_64-linux-gnu/libresolv-2.19.so
7f87556d6000-7f87558d6000 ---p 00017000 08:02 166929                     /lib/x86_64-linux-gnu/libresolv-2.19.so
7f87558d6000-7f87558d7000 r--p 00017000 08:02 166929                     /lib/x86_64-linux-gnu/libresolv-2.19.so
7f87558d7000-7f87558d8000 rw-p 00018000 08:02 166929                     /lib/x86_64-linux-gnu/libresolv-2.19.so
7f87558d8000-7f87558da000 rw-p 00000000 00:00 0 
7f87558da000-7f87558fa000 r-xp 00000000 08:02 136339                     /lib/x86_64-linux-gnu/libselinux.so.1
7f87558fa000-7f8755af9000 ---p 00020000 08:02 136339                     /lib/x86_64-linux-gnu/libselinux.so.1
7f8755af9000-7f8755afa000 r--p 0001f000 08:02 136339                     /lib/x86_64-linux-gnu/libselinux.so.1
7f8755afa000-7f8755afb000 rw-p 00020000 08:02 136339                     /lib/x86_64-linux-gnu/libselinux.so.1
7f8755afb000-7f8755afd000 rw-p 00000000 00:00 0 
7f8755afd000-7f8755b00000 r-xp 00000000 08:02 645                        /usr/lib/x86_64-linux-gnu/libgmodule-2.0.so.0.4002.0
7f8755b00000-7f8755cff000 ---p 00003000 08:02 645                        /usr/lib/x86_64-linux-gnu/libgmodule-2.0.so.0.4002.0
7f8755cff000-7f8755d00000 r--p 00002000 08:02 645                        /usr/lib/x86_64-linux-gnu/libgmodule-2.0.so.0.4002.0
7f8755d00000-7f8755d01000 rw-p 00003000 08:02 645                        /usr/lib/x86_64-linux-gnu/libgmodule-2.0.so.0.4002.0
7f8755d01000-7f8755e07000 r-xp 00000000 08:02 136025                     /lib/x86_64-linux-gnu/libglib-2.0.so.0.4002.0
7f8755e07000-7f8756006000 ---p 00106000 08:02 136025                     /lib/x86_64-linux-gnu/libglib-2.0.so.0.4002.0
7f8756006000-7f8756007000 r--p 00105000 08:02 136025                     /lib/x86_64-linux-gnu/libglib-2.0.so.0.4002.0
7f8756007000-7f8756008000 rw-p 00106000 08:02 136025                     /lib/x86_64-linux-gnu/libglib-2.0.so.0.4002.0
7f8756008000-7f8756009000 rw-p 00000000 00:00 0 
7f8756009000-7f8756058000 r-xp 00000000 08:02 663                        /usr/lib/x86_64-linux-gnu/libgobject-2.0.so.0.4002.0
7f8756058000-7f8756258000 ---p 0004f000 08:02 663                        /usr/lib/x86_64-linux-gnu/libgobject-2.0.so.0.4002.0
7f8756258000-7f8756259000 r--p 0004f000 08:02 663                        /usr/lib/x86_64-linux-gnu/libgobject-2.0.so.0.4002.0
7f8756259000-7f875625a000 rw-p 00050000 08:02 663                        /usr/lib/x86_64-linux-gnu/libgobject-2.0.so.0.4002.0
7f875625a000-7f87563c6000 r-xp 00000000 08:02 667                        /usr/lib/x86_64-linux-gnu/libgio-2.0.so.0.4002.0
7f87563c6000-7f87565c5000 ---p 0016c000 08:02 667                        /usr/lib/x86_64-linux-gnu/libgio-2.0.so.0.4002.0
7f87565c5000-7f87565c9000 r--p 0016b000 08:02 667                        /usr/lib/x86_64-linux-gnu/libgio-2.0.so.0.4002.0
7f87565c9000-7f87565cb000 rw-p 0016f000 08:02 667                        /usr/lib/x86_64-linux-gnu/libgio-2.0.so.0.4002.0
7f87565cb000-7f87565cd000 rw-p 00000000 00:00 0 
7f87565cd000-7f87565cf000 r--s 0000c000 08:03 3802166                    /home/adrian/Development/Android/android-studio/gradle/gradle-2.2.1/lib/plugins/jarjar-wagon-provider-api-2.4.jar
7f87565cf000-7f87565d1000 r--s 0000d000 08:03 3802147                    /home/adrian/Development/Android/android-studio/gradle/gradle-2.2.1/lib/plugins/jarjar-maven-aether-provider-3.0.4.jar
7f87565d1000-7f87565d2000 r--s 00007000 08:03 3802154                    /home/adrian/Development/Android/android-studio/gradle/gradle-2.2.1/lib/plugins/jarjar-maven-repository-metadata-3.0.4.jar
7f87565d2000-7f87565d3000 r--s 0000b000 08:03 3802155                    /home/adrian/Development/Android/android-studio/gradle/gradle-2.2.1/lib/plugins/jarjar-maven-settings-3.0.4.jar
7f87565d3000-7f87565eb000 r--s 000b5000 08:03 3802110                    /home/adrian/Development/Android/android-studio/gradle/gradle-2.2.1/lib/plugins/gradle-dependency-management-2.2.1.jar
7f87565eb000-7f87565ec000 r--p 00000000 08:02 301424                     /usr/share/locale-langpack/en_GB/LC_MESSAGES/libc.mo
7f87565ec000-7f8756603000 r-xp 00000000 08:02 23543                      /usr/lib/jvm/java-7-openjdk-amd64/jre/lib/amd64/libnet.so
7f8756603000-7f8756802000 ---p 00017000 08:02 23543                      /usr/lib/jvm/java-7-openjdk-amd64/jre/lib/amd64/libnet.so
7f8756802000-7f8756803000 r--p 00016000 08:02 23543                      /usr/lib/jvm/java-7-openjdk-amd64/jre/lib/amd64/libnet.so
7f8756803000-7f8756804000 rw-p 00017000 08:02 23543                      /usr/lib/jvm/java-7-openjdk-amd64/jre/lib/amd64/libnet.so
7f8756804000-7f8756805000 r--s 00005000 08:03 3802065                    /home/adrian/Development/Android/android-studio/gradle/gradle-2.2.1/lib/gradle-wrapper-2.2.1.jar
7f8756805000-7f875680e000 r--s 0002c000 08:03 3802063                    /home/adrian/Development/Android/android-studio/gradle/gradle-2.2.1/lib/gradle-tooling-api-2.2.1.jar
7f875680e000-7f8756810000 r--s 00002000 08:03 3802061                    /home/adrian/Development/Android/android-studio/gradle/gradle-2.2.1/lib/gradle-open-api-2.2.1.jar
7f8756810000-7f8756816000 r--s 00032000 08:03 3802071                    /home/adrian/Development/Android/android-studio/gradle/gradle-2.2.1/lib/jaxen-1.1.jar
7f8756816000-7f875681b000 r--s 00048000 08:03 3802050                    /home/adrian/Development/Android/android-studio/gradle/gradle-2.2.1/lib/dom4j-1.6.1.jar
7f875681b000-7f8756826000 r--s 00059000 08:03 3802064                    /home/adrian/Development/Android/android-studio/gradle/gradle-2.2.1/lib/gradle-ui-2.2.1.jar
7f8756826000-7f8756828000 r--s 00006000 08:03 3802062                    /home/adrian/Development/Android/android-studio/gradle/gradle-2.2.1/lib/gradle-resources-2.2.1.jar
7f8756828000-7f875682a000 r--s 00007000 08:03 3802090                    /home/adrian/Development/Android/android-studio/gradle/gradle-2.2.1/lib/objenesis-1.2.jar
7f875682a000-7f875682c000 r--s 00000000 08:03 3802080                    /home/adrian/Development/Android/android-studio/gradle/gradle-2.2.1/lib/minlog-1.2.jar
7f875682c000-7f875682e000 r--s 0000f000 08:03 3802091                    /home/adrian/Development/Android/android-studio/gradle/gradle-2.2.1/lib/reflectasm-1.07-shaded.jar
7f875682e000-7f8756832000 r--s 00026000 08:03 3802076                    /home/adrian/Development/Android/android-studio/gradle/gradle-2.2.1/lib/kryo-2.20.jar
7f8756832000-7f875683b000 r--s 00039000 08:03 3802057                    /home/adrian/Development/Android/android-studio/gradle/gradle-2.2.1/lib/gradle-messaging-2.2.1.jar
7f875683b000-7f875683c000 r--s 00003000 08:03 3802082                    /home/adrian/Development/Android/android-studio/gradle/gradle-2.2.1/lib/native-platform-freebsd-amd64-0.10.jar
7f875683c000-7f875683d000 r--s 00003000 08:03 3802083                    /home/adrian/Development/Android/android-studio/gradle/gradle-2.2.1/lib/native-platform-freebsd-i386-0.10.jar
7f875683d000-7f875683e000 r--s 00005000 08:03 3802089                    /home/adrian/Development/Android/android-studio/gradle/gradle-2.2.1/lib/native-platform-windows-i386-0.10.jar
7f875683e000-7f875683f000 r--s 00005000 08:03 3802088                    /home/adrian/Development/Android/android-studio/gradle/gradle-2.2.1/lib/native-platform-windows-amd64-0.10.jar
7f875683f000-7f8756840000 r--s 00003000 08:03 3802085                    /home/adrian/Development/Android/android-studio/gradle/gradle-2.2.1/lib/native-platform-linux-i386-0.10.jar
7f8756840000-7f8756841000 r--s 00003000 08:03 3802084                    /home/adrian/Development/Android/android-studio/gradle/gradle-2.2.1/lib/native-platform-linux-amd64-0.10.jar
7f8756841000-7f8756842000 r--s 00002000 08:03 3802086                    /home/adrian/Development/Android/android-studio/gradle/gradle-2.2.1/lib/native-platform-osx-amd64-0.10.jar
7f8756842000-7f8756844000 r--s 00008000 08:03 3802068                    /home/adrian/Development/Android/android-studio/gradle/gradle-2.2.1/lib/jansi-1.2.1.jar
7f8756844000-7f8756847000 r--s 0000d000 08:03 3802081                    /home/adrian/Development/Android/android-studio/gradle/gradle-2.2.1/lib/native-platform-0.10.jar
7f8756847000-7f875684b000 r--s 000e4000 08:03 3802074                    /home/adrian/Development/Android/android-studio/gradle/gradle-2.2.1/lib/jna-3.2.7.jar
7f875684b000-7f875684d000 r--s 00008000 08:03 3802060                    /home/adrian/Development/Android/android-studio/gradle/gradle-2.2.1/lib/gradle-native-2.2.1.jar
7f875684d000-7f87568b8000 r--s 00685000 08:03 3802066                    /home/adrian/Development/Android/android-studio/gradle/gradle-2.2.1/lib/groovy-all-2.3.6.jar
7f87568b8000-7f87568b9000 ---p 00000000 00:00 0 
7f87568b9000-7f87569b9000 rw-p 00000000 00:00 0                          [stack:8568]
7f87569b9000-7f87569bc000 ---p 00000000 00:00 0 
7f87569bc000-7f8756aba000 rw-p 00000000 00:00 0                          [stack:8567]
7f8756aba000-7f8756abd000 ---p 00000000 00:00 0 
7f8756abd000-7f8756bbb000 rw-p 00000000 00:00 0                          [stack:8566]
7f8756bbb000-7f8756bbe000 ---p 00000000 00:00 0 
7f8756bbe000-7f8756cbc000 rw-p 00000000 00:00 0                          [stack:8565]
7f8756cbc000-7f8756cc1000 r-xp 00000000 08:02 12762                      /usr/lib/x86_64-linux-gnu/libXdmcp.so.6.0.0
7f8756cc1000-7f8756ec0000 ---p 00005000 08:02 12762                      /usr/lib/x86_64-linux-gnu/libXdmcp.so.6.0.0
7f8756ec0000-7f8756ec1000 r--p 00004000 08:02 12762                      /usr/lib/x86_64-linux-gnu/libXdmcp.so.6.0.0
7f8756ec1000-7f8756ec2000 rw-p 00005000 08:02 12762                      /usr/lib/x86_64-linux-gnu/libXdmcp.so.6.0.0
7f8756ec2000-7f8756ec4000 r-xp 00000000 08:02 12751                      /usr/lib/x86_64-linux-gnu/libXau.so.6.0.0
7f8756ec4000-7f87570c4000 ---p 00002000 08:02 12751                      /usr/lib/x86_64-linux-gnu/libXau.so.6.0.0
7f87570c4000-7f87570c5000 r--p 00002000 08:02 12751                      /usr/lib/x86_64-linux-gnu/libXau.so.6.0.0
7f87570c5000-7f87570c6000 rw-p 00003000 08:02 12751                      /usr/lib/x86_64-linux-gnu/libXau.so.6.0.0
7f87570c6000-7f87570e3000 r-xp 00000000 08:02 13821                      /usr/lib/x86_64-linux-gnu/libxcb.so.1.1.0
7f87570e3000-7f87572e3000 ---p 0001d000 08:02 13821                      /usr/lib/x86_64-linux-gnu/libxcb.so.1.1.0
7f87572e3000-7f87572e4000 r--p 0001d000 08:02 13821                      /usr/lib/x86_64-linux-gnu/libxcb.so.1.1.0
7f87572e4000-7f87572e5000 rw-p 0001e000 08:02 13821                      /usr/lib/x86_64-linux-gnu/libxcb.so.1.1.0
7f87572e5000-7f8757415000 r-xp 00000000 08:02 12747                      /usr/lib/x86_64-linux-gnu/libX11.so.6.3.0
7f8757415000-7f8757615000 ---p 00130000 08:02 12747                      /usr/lib/x86_64-linux-gnu/libX11.so.6.3.0
7f8757615000-7f8757616000 r--p 00130000 08:02 12747                      /usr/lib/x86_64-linux-gnu/libX11.so.6.3.0
7f8757616000-7f875761a000 rw-p 00131000 08:02 12747                      /usr/lib/x86_64-linux-gnu/libX11.so.6.3.0
7f875761a000-7f875761b000 r-xp 00000000 08:02 1822                       /usr/lib/jayatana/libjayatanaag.so
7f875761b000-7f875781b000 ---p 00001000 08:02 1822                       /usr/lib/jayatana/libjayatanaag.so
7f875781b000-7f875781c000 r--p 00001000 08:02 1822                       /usr/lib/jayatana/libjayatanaag.so
7f875781c000-7f875781d000 rw-p 00002000 08:02 1822                       /usr/lib/jayatana/libjayatanaag.so
7f875781d000-7f8757820000 ---p 00000000 00:00 0 
7f8757820000-7f875791e000 rw-p 00000000 00:00 0                          [stack:8564]
7f875791e000-7f8758000000 r--p 00000000 08:02 8493                       /usr/lib/locale/locale-archive
7f8758000000-7f8758050000 rw-p 00000000 00:00 0 
7f8758050000-7f875c000000 ---p 00000000 00:00 0 
7f875c000000-7f875c001000 r--s 00002000 08:03 3802087                    /home/adrian/Development/Android/android-studio/gradle/gradle-2.2.1/lib/native-platform-osx-i386-0.10.jar
7f875c001000-7f875c003000 r--s 00005000 08:03 3802053                    /home/adrian/Development/Android/android-studio/gradle/gradle-2.2.1/lib/gradle-cli-2.2.1.jar
7f875c003000-7f875c005000 r--s 00003000 08:03 3802052                    /home/adrian/Development/Android/android-studio/gradle/gradle-2.2.1/lib/gradle-base-services-groovy-2.2.1.jar
7f875c005000-7f875c007000 r--s 0000a000 08:03 3802059                    /home/adrian/Development/Android/android-studio/gradle/gradle-2.2.1/lib/gradle-model-groovy-2.2.1.jar
7f875c007000-7f875c00b000 r--s 0001b000 08:03 3802058                    /home/adrian/Development/Android/android-studio/gradle/gradle-2.2.1/lib/gradle-model-core-2.2.1.jar
7f875c00b000-7f875c00c000 r--s 00000000 08:03 3802055                    /home/adrian/Development/Android/android-studio/gradle/gradle-2.2.1/lib/gradle-docs-2.2.1.jar
7f875c00c000-7f875c00e000 r--s 00003000 08:03 3802073                    /home/adrian/Development/Android/android-studio/gradle/gradle-2.2.1/lib/jcl-over-slf4j-1.7.7.jar
7f875c00e000-7f875c00f000 r--s 00005000 08:03 3802077                    /home/adrian/Development/Android/android-studio/gradle/gradle-2.2.1/lib/log4j-over-slf4j-1.7.7.jar
7f875c00f000-7f875c010000 r--s 00000000 08:03 3802070                    /home/adrian/Development/Android/android-studio/gradle/gradle-2.2.1/lib/javax.inject-1.jar
7f875c010000-7f875c013000 r--s 0001b000 08:03 3802069                    /home/adrian/Development/Android/android-studio/gradle/gradle-2.2.1/lib/jarjar-1.3.jar
7f875c013000-7f875c015000 r--s 00000000 08:03 3802075                    /home/adrian/Development/Android/android-studio/gradle/gradle-2.2.1/lib/jul-to-slf4j-1.7.7.jar
7f875c015000-7f875c01b000 r--s 0003b000 08:03 3802078                    /home/adrian/Development/Android/android-studio/gradle/gradle-2.2.1/lib/logback-classic-1.0.13.jar
7f875c01b000-7f875c025000 r--s 0005d000 08:03 3802079                    /home/adrian/Development/Android/android-studio/gradle/gradle-2.2.1/lib/logback-core-1.0.13.jar
7f875c025000-7f875c033000 r--s 0007f000 08:03 3802047                    /home/adrian/Development/Android/android-studio/gradle/gradle-2.2.1/lib/commons-collections-3.2.1.jar
7f875c033000-7f875c05b000 r--s 001cf000 08:03 3802067                    /home/adrian/Development/Android/android-studio/gradle/gradle-2.2.1/lib/guava-jdk5-17.0.jar
7f875c05b000-7f875c08c000 r--s 00191000 08:03 3802054                    /home/adrian/Development/Android/android-studio/gradle/gradle-2.2.1/lib/gradle-core-2.2.1.jar
7f875c08c000-7f875c08f000 ---p 00000000 00:00 0 
7f875c08f000-7f875c18d000 rw-p 00000000 00:00 0                          [stack:8563]
7f875c18d000-7f875c190000 ---p 00000000 00:00 0 
7f875c190000-7f875c28e000 rw-p 00000000 00:00 0                          [stack:8562]
7f875c28e000-7f875c28f000 ---p 00000000 00:00 0 
7f875c28f000-7f875d2e7000 rw-p 00000000 00:00 0                          [stack:8561]
7f875d2e7000-7f875d499000 r--s 01d23000 08:02 23512                      /usr/lib/jvm/java-7-openjdk-amd64/jre/lib/rt.jar
7f875d499000-7f875ffea000 rw-p 00000000 00:00 0 
7f875ffea000-7f875ffeb000 ---p 00000000 00:00 0 
7f875ffeb000-7f87600eb000 rw-p 00000000 00:00 0                          [stack:8560]
7f87600eb000-7f87600ec000 ---p 00000000 00:00 0 
7f87600ec000-7f87601ec000 rw-p 00000000 00:00 0                          [stack:8559]
7f87601ec000-7f87601ed000 ---p 00000000 00:00 0 
7f87601ed000-7f87602ed000 rw-p 00000000 00:00 0                          [stack:8558]
7f87602ed000-7f87602ee000 ---p 00000000 00:00 0 
7f87602ee000-7f8760430000 rw-p 00000000 00:00 0                          [stack:8557]
7f8760430000-7f8760544000 rw-p 00000000 00:00 0 
7f8760544000-7f8760588000 rw-p 00000000 00:00 0 
7f8760588000-7f87605c4000 rw-p 00000000 00:00 0 
7f87605c4000-7f8760606000 rw-p 00000000 00:00 0 
7f8760606000-7f8760719000 rw-p 00000000 00:00 0 
7f8760719000-7f87607c4000 rw-p 00000000 00:00 0 
7f87607c4000-7f87607c5000 rw-p 00000000 00:00 0 
7f87607c5000-7f8760f15000 rwxp 00000000 00:00 0 
7f8760f15000-7f87637c5000 rw-p 00000000 00:00 0 
7f87637c5000-7f87637cd000 r-xp 00000000 08:02 23567                      /usr/lib/jvm/java-7-openjdk-amd64/jre/lib/amd64/libzip.so
7f87637cd000-7f87639cc000 ---p 00008000 08:02 23567                      /usr/lib/jvm/java-7-openjdk-amd64/jre/lib/amd64/libzip.so
7f87639cc000-7f87639cd000 r--p 00007000 08:02 23567                      /usr/lib/jvm/java-7-openjdk-amd64/jre/lib/amd64/libzip.so
7f87639cd000-7f87639ce000 rw-p 00008000 08:02 23567                      /usr/lib/jvm/java-7-openjdk-amd64/jre/lib/amd64/libzip.so
7f87639ce000-7f87639d9000 r-xp 00000000 08:02 166942                     /lib/x86_64-linux-gnu/libnss_files-2.19.so
7f87639d9000-7f8763bd8000 ---p 0000b000 08:02 166942                     /lib/x86_64-linux-gnu/libnss_files-2.19.so
7f8763bd8000-7f8763bd9000 r--p 0000a000 08:02 166942                     /lib/x86_64-linux-gnu/libnss_files-2.19.so
7f8763bd9000-7f8763bda000 rw-p 0000b000 08:02 166942                     /lib/x86_64-linux-gnu/libnss_files-2.19.so
7f8763bda000-7f8763be5000 r-xp 00000000 08:02 166939                     /lib/x86_64-linux-gnu/libnss_nis-2.19.so
7f8763be5000-7f8763de4000 ---p 0000b000 08:02 166939                     /lib/x86_64-linux-gnu/libnss_nis-2.19.so
7f8763de4000-7f8763de5000 r--p 0000a000 08:02 166939                     /lib/x86_64-linux-gnu/libnss_nis-2.19.so
7f8763de5000-7f8763de6000 rw-p 0000b000 08:02 166939                     /lib/x86_64-linux-gnu/libnss_nis-2.19.so
7f8763de6000-7f8763dfd000 r-xp 00000000 08:02 166925                     /lib/x86_64-linux-gnu/libnsl-2.19.so
7f8763dfd000-7f8763ffc000 ---p 00017000 08:02 166925                     /lib/x86_64-linux-gnu/libnsl-2.19.so
7f8763ffc000-7f8763ffd000 r--p 00016000 08:02 166925                     /lib/x86_64-linux-gnu/libnsl-2.19.so
7f8763ffd000-7f8763ffe000 rw-p 00017000 08:02 166925                     /lib/x86_64-linux-gnu/libnsl-2.19.so
7f8763ffe000-7f8764000000 rw-p 00000000 00:00 0 
7f8764000000-7f8764afa000 rw-p 00000000 00:00 0 
7f8764afa000-7f8768000000 ---p 00000000 00:00 0 
7f8768000000-7f8768005000 r--s 00041000 08:03 3802049                    /home/adrian/Development/Android/android-studio/gradle/gradle-2.2.1/lib/commons-lang-2.6.jar
7f8768005000-7f8768008000 r--s 00018000 08:03 3802048                    /home/adrian/Development/Android/android-studio/gradle/gradle-2.2.1/lib/commons-io-1.4.jar
7f8768008000-7f8768027000 r--s 001cc000 08:03 3802044                    /home/adrian/Development/Android/android-studio/gradle/gradle-2.2.1/lib/ant-1.9.3.jar
7f8768027000-7f8768084000 rw-p 00000000 00:00 0 
7f8768084000-7f87680c0000 rw-p 00000000 00:00 0 
7f87680c0000-7f87680c9000 r-xp 00000000 08:02 166871                     /lib/x86_64-linux-gnu/libnss_compat-2.19.so
7f87680c9000-7f87682c8000 ---p 00009000 08:02 166871                     /lib/x86_64-linux-gnu/libnss_compat-2.19.so
7f87682c8000-7f87682c9000 r--p 00008000 08:02 166871                     /lib/x86_64-linux-gnu/libnss_compat-2.19.so
7f87682c9000-7f87682ca000 rw-p 00009000 08:02 166871                     /lib/x86_64-linux-gnu/libnss_compat-2.19.so
7f87682ca000-7f87682d4000 r-xp 00000000 08:02 23532                      /usr/lib/jvm/java-7-openjdk-amd64/jre/lib/amd64/libinstrument.so
7f87682d4000-7f87684d3000 ---p 0000a000 08:02 23532                      /usr/lib/jvm/java-7-openjdk-amd64/jre/lib/amd64/libinstrument.so
7f87684d3000-7f87684d4000 r--p 00009000 08:02 23532                      /usr/lib/jvm/java-7-openjdk-amd64/jre/lib/amd64/libinstrument.so
7f87684d4000-7f87684d5000 rw-p 0000a000 08:02 23532                      /usr/lib/jvm/java-7-openjdk-amd64/jre/lib/amd64/libinstrument.so
7f87684d5000-7f8768500000 r-xp 00000000 08:02 23552                      /usr/lib/jvm/java-7-openjdk-amd64/jre/lib/amd64/libjava.so
7f8768500000-7f8768700000 ---p 0002b000 08:02 23552                      /usr/lib/jvm/java-7-openjdk-amd64/jre/lib/amd64/libjava.so
7f8768700000-7f8768701000 r--p 0002b000 08:02 23552                      /usr/lib/jvm/java-7-openjdk-amd64/jre/lib/amd64/libjava.so
7f8768701000-7f8768703000 rw-p 0002c000 08:02 23552                      /usr/lib/jvm/java-7-openjdk-amd64/jre/lib/amd64/libjava.so
7f8768703000-7f8768713000 r-xp 00000000 08:02 23551                      /usr/lib/jvm/java-7-openjdk-amd64/jre/lib/amd64/libverify.so
7f8768713000-7f8768912000 ---p 00010000 08:02 23551                      /usr/lib/jvm/java-7-openjdk-amd64/jre/lib/amd64/libverify.so
7f8768912000-7f8768914000 r--p 0000f000 08:02 23551                      /usr/lib/jvm/java-7-openjdk-amd64/jre/lib/amd64/libverify.so
7f8768914000-7f8768915000 rw-p 00011000 08:02 23551                      /usr/lib/jvm/java-7-openjdk-amd64/jre/lib/amd64/libverify.so
7f8768915000-7f876891c000 r-xp 00000000 08:02 166786                     /lib/x86_64-linux-gnu/librt-2.19.so
7f876891c000-7f8768b1b000 ---p 00007000 08:02 166786                     /lib/x86_64-linux-gnu/librt-2.19.so
7f8768b1b000-7f8768b1c000 r--p 00006000 08:02 166786                     /lib/x86_64-linux-gnu/librt-2.19.so
7f8768b1c000-7f8768b1d000 rw-p 00007000 08:02 166786                     /lib/x86_64-linux-gnu/librt-2.19.so
7f8768b1d000-7f8768b33000 r-xp 00000000 08:02 136189                     /lib/x86_64-linux-gnu/libgcc_s.so.1
7f8768b33000-7f8768d32000 ---p 00016000 08:02 136189                     /lib/x86_64-linux-gnu/libgcc_s.so.1
7f8768d32000-7f8768d33000 rw-p 00015000 08:02 136189                     /lib/x86_64-linux-gnu/libgcc_s.so.1
7f8768d33000-7f8768e38000 r-xp 00000000 08:02 166924                     /lib/x86_64-linux-gnu/libm-2.19.so
7f8768e38000-7f8769037000 ---p 00105000 08:02 166924                     /lib/x86_64-linux-gnu/libm-2.19.so
7f8769037000-7f8769038000 r--p 00104000 08:02 166924                     /lib/x86_64-linux-gnu/libm-2.19.so
7f8769038000-7f8769039000 rw-p 00105000 08:02 166924                     /lib/x86_64-linux-gnu/libm-2.19.so
7f8769039000-7f876911f000 r-xp 00000000 08:02 13657                      /usr/lib/x86_64-linux-gnu/libstdc++.so.6.0.19
7f876911f000-7f876931e000 ---p 000e6000 08:02 13657                      /usr/lib/x86_64-linux-gnu/libstdc++.so.6.0.19
7f876931e000-7f8769326000 r--p 000e5000 08:02 13657                      /usr/lib/x86_64-linux-gnu/libstdc++.so.6.0.19
7f8769326000-7f8769328000 rw-p 000ed000 08:02 13657                      /usr/lib/x86_64-linux-gnu/libstdc++.so.6.0.19
7f8769328000-7f876933d000 rw-p 00000000 00:00 0 
7f876933d000-7f8769e55000 r-xp 00000000 08:02 23556                      /usr/lib/jvm/java-7-openjdk-amd64/jre/lib/amd64/server/libjvm.so
7f8769e55000-7f876a055000 ---p 00b18000 08:02 23556                      /usr/lib/jvm/java-7-openjdk-amd64/jre/lib/amd64/server/libjvm.so
7f876a055000-7f876a0ef000 r--p 00b18000 08:02 23556                      /usr/lib/jvm/java-7-openjdk-amd64/jre/lib/amd64/server/libjvm.so
7f876a0ef000-7f876a112000 rw-p 00bb2000 08:02 23556                      /usr/lib/jvm/java-7-openjdk-amd64/jre/lib/amd64/server/libjvm.so
7f876a112000-7f876a140000 rw-p 00000000 00:00 0 
7f876a140000-7f876a158000 r-xp 00000000 08:02 136372                     /lib/x86_64-linux-gnu/libz.so.1.2.8
7f876a158000-7f876a357000 ---p 00018000 08:02 136372                     /lib/x86_64-linux-gnu/libz.so.1.2.8
7f876a357000-7f876a358000 r--p 00017000 08:02 136372                     /lib/x86_64-linux-gnu/libz.so.1.2.8
7f876a358000-7f876a359000 rw-p 00018000 08:02 136372                     /lib/x86_64-linux-gnu/libz.so.1.2.8
7f876a359000-7f876a372000 r-xp 00000000 08:02 166941                     /lib/x86_64-linux-gnu/libpthread-2.19.so
7f876a372000-7f876a571000 ---p 00019000 08:02 166941                     /lib/x86_64-linux-gnu/libpthread-2.19.so
7f876a571000-7f876a572000 r--p 00018000 08:02 166941                     /lib/x86_64-linux-gnu/libpthread-2.19.so
7f876a572000-7f876a573000 rw-p 00019000 08:02 166941                     /lib/x86_64-linux-gnu/libpthread-2.19.so
7f876a573000-7f876a577000 rw-p 00000000 00:00 0 
7f876a577000-7f876a57a000 r-xp 00000000 08:02 166865                     /lib/x86_64-linux-gnu/libdl-2.19.so
7f876a57a000-7f876a779000 ---p 00003000 08:02 166865                     /lib/x86_64-linux-gnu/libdl-2.19.so
7f876a779000-7f876a77a000 r--p 00002000 08:02 166865                     /lib/x86_64-linux-gnu/libdl-2.19.so
7f876a77a000-7f876a77b000 rw-p 00003000 08:02 166865                     /lib/x86_64-linux-gnu/libdl-2.19.so
7f876a77b000-7f876a936000 r-xp 00000000 08:02 166785                     /lib/x86_64-linux-gnu/libc-2.19.so
7f876a936000-7f876ab36000 ---p 001bb000 08:02 166785                     /lib/x86_64-linux-gnu/libc-2.19.so
7f876ab36000-7f876ab3a000 r--p 001bb000 08:02 166785                     /lib/x86_64-linux-gnu/libc-2.19.so
7f876ab3a000-7f876ab3c000 rw-p 001bf000 08:02 166785                     /lib/x86_64-linux-gnu/libc-2.19.so
7f876ab3c000-7f876ab41000 rw-p 00000000 00:00 0 
7f876ab41000-7f876ab4e000 r-xp 00000000 08:02 23535                      /usr/lib/jvm/java-7-openjdk-amd64/jre/lib/amd64/jli/libjli.so
7f876ab4e000-7f876ad4d000 ---p 0000d000 08:02 23535                      /usr/lib/jvm/java-7-openjdk-amd64/jre/lib/amd64/jli/libjli.so
7f876ad4d000-7f876ad4e000 r--p 0000c000 08:02 23535                      /usr/lib/jvm/java-7-openjdk-amd64/jre/lib/amd64/jli/libjli.so
7f876ad4e000-7f876ad4f000 rw-p 0000d000 08:02 23535                      /usr/lib/jvm/java-7-openjdk-amd64/jre/lib/amd64/jli/libjli.so
7f876ad4f000-7f876ad72000 r-xp 00000000 08:02 166779                     /lib/x86_64-linux-gnu/ld-2.19.so
7f876ad72000-7f876ad73000 r--s 00000000 08:03 3802072                    /home/adrian/Development/Android/android-studio/gradle/gradle-2.2.1/lib/jcip-annotations-1.0.jar
7f876ad73000-7f876ad78000 r--s 00036000 08:03 3802046                    /home/adrian/Development/Android/android-studio/gradle/gradle-2.2.1/lib/asm-all-5.0.3.jar
7f876ad78000-7f876ad7a000 r--s 00006000 08:03 3802092                    /home/adrian/Development/Android/android-studio/gradle/gradle-2.2.1/lib/slf4j-api-1.7.7.jar
7f876ad7a000-7f876ad7c000 r--s 00006000 08:02 318746                     /usr/share/java/jayatana.jar
7f876ad7c000-7f876ad82000 r--s 00026000 08:03 3802051                    /home/adrian/Development/Android/android-studio/gradle/gradle-2.2.1/lib/gradle-base-services-2.2.1.jar
7f876ad82000-7f876ad8a000 r--s 0003c000 08:03 3802056                    /home/adrian/Development/Android/android-studio/gradle/gradle-2.2.1/lib/gradle-launcher-2.2.1.jar
7f876ad8a000-7f876ada8000 rw-p 00000000 00:00 0 
7f876ada8000-7f876ae4a000 rw-p 00000000 00:00 0 
7f876ae4a000-7f876ae4d000 ---p 00000000 00:00 0 
7f876ae4d000-7f876af50000 rw-p 00000000 00:00 0                          [stack:8556]
7f876af50000-7f876af51000 r--s 00004000 08:03 3802045                    /home/adrian/Development/Android/android-studio/gradle/gradle-2.2.1/lib/ant-launcher-1.9.3.jar
7f876af51000-7f876af52000 r--s 00000000 08:02 318747                     /usr/share/java/jayatanaag.jar
7f876af52000-7f876af56000 r--s 00034000 08:02 23517                      /usr/lib/jvm/java-7-openjdk-amd64/jre/lib/ext/sunjce_provider.jar
7f876af56000-7f876af57000 r--s 00002000 08:02 23519                      /usr/lib/jvm/java-7-openjdk-amd64/jre/lib/ext/dnsns.jar
7f876af57000-7f876af59000 r--s 00012000 08:02 23518                      /usr/lib/jvm/java-7-openjdk-amd64/jre/lib/ext/zipfs.jar
7f876af59000-7f876af5c000 r--s 00086000 08:02 23520                      /usr/lib/jvm/java-7-openjdk-amd64/jre/lib/ext/localedata.jar
7f876af5c000-7f876af60000 r--s 0003c000 08:02 23516                      /usr/lib/jvm/java-7-openjdk-amd64/jre/lib/ext/sunpkcs11.jar
7f876af60000-7f876af63000 r--s 0000f000 08:02 23515                      /usr/lib/jvm/java-7-openjdk-amd64/jre/lib/ext/icedtea-sound.jar
7f876af63000-7f876af65000 r--s 00006000 08:02 311133                     /usr/share/java/java-atk-wrapper.jar
7f876af65000-7f876af6d000 rw-s 00000000 08:02 331454                     /tmp/hsperfdata_adrian/8554
7f876af6d000-7f876af6e000 rw-p 00000000 00:00 0 
7f876af6e000-7f876af6f000 ---p 00000000 00:00 0 
7f876af6f000-7f876af71000 rw-p 00000000 00:00 0 
7f876af71000-7f876af72000 r--p 00022000 08:02 166779                     /lib/x86_64-linux-gnu/ld-2.19.so
7f876af72000-7f876af73000 rw-p 00023000 08:02 166779                     /lib/x86_64-linux-gnu/ld-2.19.so
7f876af73000-7f876af74000 rw-p 00000000 00:00 0 
7fff43b69000-7fff43b8a000 rw-p 00000000 00:00 0                          [stack]
7fff43ba4000-7fff43ba6000 r-xp 00000000 00:00 0                          [vdso]
ffffffffff600000-ffffffffff601000 r-xp 00000000 00:00 0                  [vsyscall]

VM Arguments:
jvm_args: -javaagent:/usr/share/java/jayatanaag.jar -XX:MaxPermSize=256m -XX:+HeapDumpOnOutOfMemoryError -Xmx1024m -Dfile.encoding=UTF-8 -Duser.country=GB -Duser.language=en -Duser.variant 
java_command: org.gradle.launcher.daemon.bootstrap.GradleDaemon 2.2.1 /home/adrian/.gradle/daemon 10800000 e257cbe5-b519-4aeb-a8ba-0a0fda21717e -XX:MaxPermSize=256m -XX:+HeapDumpOnOutOfMemoryError -Xmx1024m -Dfile.encoding=UTF-8 -Duser.country=GB -Duser.language=en -Duser.variant
Launcher Type: SUN_STANDARD

Environment Variables:
JAVA_TOOL_OPTIONS=-javaagent:/usr/share/java/jayatanaag.jar 
CLASSPATH=/home/adrian/Development/Android/android-studio/bin/../lib/bootstrap.jar:/home/adrian/Development/Android/android-studio/bin/../lib/extensions.jar:/home/adrian/Development/Android/android-studio/bin/../lib/util.jar:/home/adrian/Development/Android/android-studio/bin/../lib/jdom.jar:/home/adrian/Development/Android/android-studio/bin/../lib/log4j.jar:/home/adrian/Development/Android/android-studio/bin/../lib/trove4j.jar:/home/adrian/Development/Android/android-studio/bin/../lib/jna.jar:/usr/lib/jvm/java-7-openjdk-amd64/lib/tools.jar
PATH=/usr/local/sbin:/usr/local/bin:/usr/sbin:/usr/bin:/sbin:/bin:/usr/games:/usr/local/games
LD_LIBRARY_PATH=/home/adrian/Development/Android/android-studio/bin:
SHELL=/bin/bash
DISPLAY=:0

Signal Handlers:
SIGSEGV: [libjvm.so+0x94b4b0], sa_mask[0]=0x7ffbfeff, sa_flags=0x10000004
SIGBUS: [libjvm.so+0x94b4b0], sa_mask[0]=0x7ffbfeff, sa_flags=0x10000004
SIGFPE: [libjvm.so+0x7c3390], sa_mask[0]=0x7ffbfeff, sa_flags=0x10000004
SIGPIPE: [libjvm.so+0x7c3390], sa_mask[0]=0x7ffbfeff, sa_flags=0x10000004
SIGXFSZ: [libjvm.so+0x7c3390], sa_mask[0]=0x7ffbfeff, sa_flags=0x10000004
SIGILL: [libjvm.so+0x7c3390], sa_mask[0]=0x7ffbfeff, sa_flags=0x10000004
SIGUSR1: SIG_DFL, sa_mask[0]=0x00000000, sa_flags=0x00000000
SIGUSR2: [libjvm.so+0x7c3230], sa_mask[0]=0x00000004, sa_flags=0x10000004
SIGHUP: [libjvm.so+0x7c3410], sa_mask[0]=0x7ffbfeff, sa_flags=0x10000004
SIGINT: [libjvm.so+0x7c3410], sa_mask[0]=0x7ffbfeff, sa_flags=0x10000004
SIGTERM: [libjvm.so+0x7c3410], sa_mask[0]=0x7ffbfeff, sa_flags=0x10000004
SIGQUIT: [libjvm.so+0x7c3410], sa_mask[0]=0x7ffbfeff, sa_flags=0x10000004
SIGTRAP: SIG_DFL, sa_mask[0]=0x00000000, sa_flags=0x00000000


---------------  S Y S T E M  ---------------

OS:Ubuntu 14.04 (trusty)
uname:Linux 3.13.0-44-generic #73-Ubuntu SMP Tue Dec 16 00:22:43 UTC 2014 x86_64
libc:glibc 2.19 NPTL 2.19 
rlimit: STACK 8192k, CORE 0k, NPROC 26043, NOFILE 4096, AS infinity
load average:1.40 1.53 1.60

/proc/meminfo:
MemTotal:        3418736 kB
MemFree:           99844 kB
Buffers:            1376 kB
Cached:            53208 kB
SwapCached:            0 kB
Active:          3109868 kB
Inactive:          39756 kB
Active(anon):    3096832 kB
Inactive(anon):    20760 kB
Active(file):      13036 kB
Inactive(file):    18996 kB
Unevictable:           0 kB
Mlocked:               0 kB
SwapTotal:             0 kB
SwapFree:              0 kB
Dirty:              6064 kB
Writeback:           220 kB
AnonPages:       3095664 kB
Mapped:            37016 kB
Shmem:             21944 kB
Slab:              60008 kB
SReclaimable:      24036 kB
SUnreclaim:        35972 kB
KernelStack:        4504 kB
PageTables:        36728 kB
NFS_Unstable:          0 kB
Bounce:                0 kB
WritebackTmp:          0 kB
CommitLimit:     1709368 kB
Committed_AS:    6133036 kB
VmallocTotal:   34359738367 kB
VmallocUsed:      112640 kB
VmallocChunk:   34359537716 kB
HardwareCorrupted:     0 kB
AnonHugePages:   1980416 kB
HugePages_Total:       0
HugePages_Free:        0
HugePages_Rsvd:        0
HugePages_Surp:        0
Hugepagesize:       2048 kB
DirectMap4k:       75264 kB
DirectMap2M:     3547136 kB
DirectMap1G:           0 kB


CPU:total 4 (4 cores per cpu, 1 threads per core) family 22 model 0 stepping 1, cmov, cx8, fxsr, mmx, sse, sse2, sse3, ssse3, sse4.1, sse4.2, popcnt, avx, aes, mmxext, 3dnowpref, lzcnt, sse4a, tsc, tscinvbit, tscinv

/proc/cpuinfo:
processor	: 0
vendor_id	: AuthenticAMD
cpu family	: 22
model		: 0
model name	: AMD A4-5000 APU with Radeon(TM) HD Graphics
stepping	: 1
microcode	: 0x700010b
cpu MHz		: 800.000
cache size	: 2048 KB
physical id	: 0
siblings	: 4
core id		: 0
cpu cores	: 4
apicid		: 0
initial apicid	: 0
fpu		: yes
fpu_exception	: yes
cpuid level	: 13
wp		: yes
flags		: fpu vme de pse tsc msr pae mce cx8 apic sep mtrr pge mca cmov pat pse36 clflush mmx fxsr sse sse2 ht syscall nx mmxext fxsr_opt pdpe1gb rdtscp lm constant_tsc rep_good nopl nonstop_tsc extd_apicid aperfmperf eagerfpu pni pclmulqdq monitor ssse3 cx16 sse4_1 sse4_2 movbe popcnt aes xsave avx f16c lahf_lm cmp_legacy svm extapic cr8_legacy abm sse4a misalignsse 3dnowprefetch osvw ibs skinit wdt topoext perfctr_nb perfctr_l2 arat xsaveopt hw_pstate proc_feedback npt lbrv svm_lock nrip_save tsc_scale flushbyasid decodeassists pausefilter pfthreshold vmmcall bmi1
bogomips	: 2994.40
TLB size	: 1024 4K pages
clflush size	: 64
cache_alignment	: 64
address sizes	: 40 bits physical, 48 bits virtual
power management: ts ttp tm 100mhzsteps hwpstate [11]

processor	: 1
vendor_id	: AuthenticAMD
cpu family	: 22
model		: 0
model name	: AMD A4-5000 APU with Radeon(TM) HD Graphics    
stepping	: 1
microcode	: 0x700010b
cpu MHz		: 800.000
cache size	: 2048 KB
physical id	: 0
siblings	: 4
core id		: 1
cpu cores	: 4
apicid		: 1
initial apicid	: 1
fpu		: yes
fpu_exception	: yes
cpuid level	: 13
wp		: yes
flags		: fpu vme de pse tsc msr pae mce cx8 apic sep mtrr pge mca cmov pat pse36 clflush mmx fxsr sse sse2 ht syscall nx mmxext fxsr_opt pdpe1gb rdtscp lm constant_tsc rep_good nopl nonstop_tsc extd_apicid aperfmperf eagerfpu pni pclmulqdq monitor ssse3 cx16 sse4_1 sse4_2 movbe popcnt aes xsave avx f16c lahf_lm cmp_legacy svm extapic cr8_legacy abm sse4a misalignsse 3dnowprefetch osvw ibs skinit wdt topoext perfctr_nb perfctr_l2 arat xsaveopt hw_pstate proc_feedback npt lbrv svm_lock nrip_save tsc_scale flushbyasid decodeassists pausefilter pfthreshold vmmcall bmi1
bogomips	: 2994.40
TLB size	: 1024 4K pages
clflush size	: 64
cache_alignment	: 64
address sizes	: 40 bits physical, 48 bits virtual
power management: ts ttp tm 100mhzsteps hwpstate [11]

processor	: 2
vendor_id	: AuthenticAMD
cpu family	: 22
model		: 0
model name	: AMD A4-5000 APU with Radeon(TM) HD Graphics    
stepping	: 1
microcode	: 0x700010b
cpu MHz		: 800.000
cache size	: 2048 KB
physical id	: 0
siblings	: 4
core id		: 2
cpu cores	: 4
apicid		: 2
initial apicid	: 2
fpu		: yes
fpu_exception	: yes
cpuid level	: 13
wp		: yes
flags		: fpu vme de pse tsc msr pae mce cx8 apic sep mtrr pge mca cmov pat pse36 clflush mmx fxsr sse sse2 ht syscall nx mmxext fxsr_opt pdpe1gb rdtscp lm constant_tsc rep_good nopl nonstop_tsc extd_apicid aperfmperf eagerfpu pni pclmulqdq monitor ssse3 cx16 sse4_1 sse4_2 movbe popcnt aes xsave avx f16c lahf_lm cmp_legacy svm extapic cr8_legacy abm sse4a misalignsse 3dnowprefetch osvw ibs skinit wdt topoext perfctr_nb perfctr_l2 arat xsaveopt hw_pstate proc_feedback npt lbrv svm_lock nrip_save tsc_scale flushbyasid decodeassists pausefilter pfthreshold vmmcall bmi1
bogomips	: 2994.40
TLB size	: 1024 4K pages
clflush size	: 64
cache_alignment	: 64
address sizes	: 40 bits physical, 48 bits virtual
power management: ts ttp tm 100mhzsteps hwpstate [11]

processor	: 3
vendor_id	: AuthenticAMD
cpu family	: 22
model		: 0
model name	: AMD A4-5000 APU with Radeon(TM) HD Graphics    
stepping	: 1
microcode	: 0x700010b
cpu MHz		: 1300.000
cache size	: 2048 KB
physical id	: 0
siblings	: 4
core id		: 3
cpu cores	: 4
apicid		: 3
initial apicid	: 3
fpu		: yes
fpu_exception	: yes
cpuid level	: 13
wp		: yes
flags		: fpu vme de pse tsc msr pae mce cx8 apic sep mtrr pge mca cmov pat pse36 clflush mmx fxsr sse sse2 ht syscall nx mmxext fxsr_opt pdpe1gb rdtscp lm constant_tsc rep_good nopl nonstop_tsc extd_apicid aperfmperf eagerfpu pni pclmulqdq monitor ssse3 cx16 sse4_1 sse4_2 movbe popcnt aes xsave avx f16c lahf_lm cmp_legacy svm extapic cr8_legacy abm sse4a misalignsse 3dnowprefetch osvw ibs skinit wdt topoext perfctr_nb perfctr_l2 arat xsaveopt hw_pstate proc_feedback npt lbrv svm_lock nrip_save tsc_scale flushbyasid decodeassists pausefilter pfthreshold vmmcall bmi1
bogomips	: 2994.40
TLB size	: 1024 4K pages
clflush size	: 64
cache_alignment	: 64
address sizes	: 40 bits physical, 48 bits virtual
power management: ts ttp tm 100mhzsteps hwpstate [11]



Memory: 4k page, physical 3418736k(99844k free), swap 0k(0k free)

vm_info: OpenJDK 64-Bit Server VM (24.75-b04) for linux-amd64 JRE (1.7.0_75-b13), built on Jan 27 2015 00:38:59 by "buildd" with gcc 4.8.2

time: Wed Mar  4 21:52:38 2015
elapsed time: 2880 seconds

